[2024-06-06T10:48:10.054] [INFO] forkDevWorker - ChildProcess(23050), message: {"type":"mf_call","id":"5238d7a4-859f-4988-8f80-f540cf8a9a24","args":[null,"update"]} 
[2024-06-06T10:48:10.055] [INFO] forkDevWorker - remoteModule federation_consumer receive devWorker update, start typesManager.updateTypes 
[2024-06-06T10:48:10.061] [INFO] Module Federation Dev Server - update run, federation_consumer module update, updateKind: UPDATE_TYPE, updateMode: POSITIVE, updateSourcePaths: undefined
[2024-06-06T10:48:10.055] [INFO] Module Federation Dev Server - update run, federation_consumer module update, updateKind: RELOAD_PAGE, updateMode: POSITIVE, updateSourcePaths: undefined
[2024-06-06T10:48:10.165] [ERROR] requestRemoteManifest - fetch manifest failed, Error: connect ECONNREFUSED ::1:2001, remote1 will be ignored
[2024-06-06T10:48:10.166] [ERROR] requestRemoteManifest - fetch manifest failed, Error: connect ECONNREFUSED ::1:2003, remote3 will be ignored
[2024-06-06T10:48:10.170] [ERROR] downloadTypesArchive - Error during types archive download: Network error: Unable to download federated mocks for 'remote1' from 'http://localhost:2001/@mf-types.zip' because 'connect ECONNREFUSED ::1:2001'
[2024-06-06T10:48:10.171] [ERROR] downloadTypesArchive - Error during types archive download: Network error: Unable to download federated mocks for 'remote3' from 'http://localhost:2003/@mf-types.zip' because 'connect ECONNREFUSED ::1:2003'
[2024-06-06T10:48:10.172] [ERROR] downloadTypesArchive - Error during types archive download: Network error: Unable to download federated mocks for 'remote1' from 'http://localhost:2001/@mf-types.zip' because 'connect ECONNREFUSED ::1:2001'
[2024-06-06T10:48:10.173] [ERROR] downloadTypesArchive - Error during types archive download: Network error: Unable to download federated mocks for 'remote3' from 'http://localhost:2003/@mf-types.zip' because 'connect ECONNREFUSED ::1:2003'
[2024-06-06T10:48:10.174] [ERROR] downloadTypesArchive - Error during types archive download: Network error: Unable to download federated mocks for 'remote1' from 'http://localhost:2001/@mf-types.zip' because 'connect ECONNREFUSED ::1:2001'
[2024-06-06T10:48:10.176] [ERROR] downloadTypesArchive - Error during types archive download: Network error: Unable to download federated mocks for 'remote3' from 'http://localhost:2003/@mf-types.zip' because 'connect ECONNREFUSED ::1:2003'
[2024-06-06T10:48:10.241] [ERROR] requestRemoteManifest - fetch manifest failed, Error: read ECONNRESET, remote2 will be ignored
[2024-06-06T10:48:10.244] [ERROR] downloadTypesArchive - Error during types archive download: Network error: Unable to download federated mocks for 'remote2' from 'http://localhost:2002/@mf-types.zip' because 'connect ECONNREFUSED ::1:2002'
[2024-06-06T10:48:10.246] [ERROR] downloadTypesArchive - Error during types archive download: Network error: Unable to download federated mocks for 'remote2' from 'http://localhost:2002/@mf-types.zip' because 'connect ECONNREFUSED ::1:2002'
[2024-06-06T10:48:10.249] [ERROR] downloadTypesArchive - Error during types archive download: Network error: Unable to download federated mocks for 'remote2' from 'http://localhost:2002/@mf-types.zip' because 'connect ECONNREFUSED ::1:2002'
[2024-06-06T10:48:10.634] [INFO] forkDevWorker - ChildProcess(25013), message: {"type":"mf_call","id":"8bcb3b4f-cd33-498c-a078-4ffc4a6fe2ce","args":[{"name":"federation_consumer","remote":{"context":"/Users/bytedance/github/core/apps/router-demo/2000-router-host","moduleFederationConfig":{"name":"federation_consumer","remotes":{"remote1":"remote1@http://localhost:2001/mf-manifest.json","remote2":"remote2@http://localhost:2002/mf-manifest.json","remote3":"remote3@http://localhost:2003/mf-manifest.json"},"shared":["react","react-dom"],"runtimePlugins":["/Users/bytedance/github/core/apps/router-demo/2000-router-host/src/runtime-plugin/shared-strategy.ts"],"implementation":"/Users/bytedance/github/core/packages/runtime-tools/dist/index.cjs.js"},"hostRemoteTypesFolder":"@mf-types","compileInChildProcess":true,"typesFolder":".dev-server"},"host":{"context":"/Users/bytedance/github/core/apps/router-demo/2000-router-host","moduleFederationConfig":{"name":"federation_consumer","remotes":{"remote1":"remote1@http://localhost:2001/mf-manifest.json","remote2":"remote2@http://localhost:2002/mf-manifest.json","remote3":"remote3@http://localhost:2003/mf-manifest.json"},"shared":["react","react-dom"],"runtimePlugins":["/Users/bytedance/github/core/apps/router-demo/2000-router-host/src/runtime-plugin/shared-strategy.ts"],"implementation":"/Users/bytedance/github/core/packages/runtime-tools/dist/index.cjs.js"},"typesFolder":"@mf-types","abortOnError":false,"consumeAPITypes":true},"extraOptions":{},"disableLiveReload":false,"disableHotTypesReload":false}]} 
[2024-06-06T10:48:10.655] [INFO] forkDevWorker - federation_consumer module generateTypes done, localServerAddress:  http://10.94.55.204:54771
[2024-06-06T10:48:10.657] [INFO] Module Federation Dev Server - Publisher:federation_consumer Trying to connect to ws://10.94.55.204:16322...
[2024-06-06T10:48:10.665] [INFO] Module Federation Dev Server - Current pid: 25013, publisher:federation_consumer connected to ws://10.94.55.204:16322, starting service...
[2024-06-06T10:48:10.667] [INFO] Module Federation Dev Server - remote module:remote1 trying to connect to  ws://10.94.55.204:16322...
[2024-06-06T10:48:10.668] [INFO] Module Federation Dev Server - remote module:remote2 trying to connect to  ws://10.94.55.204:16322...
[2024-06-06T10:48:10.668] [INFO] Module Federation Dev Server - remote module:remote3 trying to connect to  ws://10.94.55.204:16322...
[2024-06-06T10:48:10.673] [INFO] Module Federation Dev Server - Current pid: 25013 remote module: remote1 connected to ws://10.94.55.204:16322, starting service...
[2024-06-06T10:48:10.674] [INFO] Module Federation Dev Server - Current pid: 25013 remote module: remote2 connected to ws://10.94.55.204:16322, starting service...
[2024-06-06T10:48:10.675] [INFO] Module Federation Dev Server - Current pid: 25013 remote module: remote3 connected to ws://10.94.55.204:16322, starting service...
[2024-06-06T10:48:10.677] [INFO] Module Federation Dev Server - [_updateSubscriber] run, updateSourcePaths:remote1, current module:federation_consumer, update start...
[2024-06-06T10:48:10.677] [INFO] forkDevWorker - sync remote module remote1, types to vmok federation_consumer,typesManager.updateTypes run
[2024-06-06T10:48:10.677] [INFO] Module Federation Dev Server - update run, federation_consumer module update, updateKind: RELOAD_PAGE, updateMode: PASSIVE, updateSourcePaths: undefined
[2024-06-06T10:48:10.722] [ERROR] requestRemoteManifest - fetch manifest failed, Error: connect ECONNREFUSED ::1:2001, remote1 will be ignored
[2024-06-06T10:48:10.739] [ERROR] downloadTypesArchive - Error during types archive download: Network error: Unable to download federated mocks for 'remote1' from 'http://localhost:2001/@mf-types.zip' because 'connect ECONNREFUSED ::1:2001'
[2024-06-06T10:48:10.746] [ERROR] downloadTypesArchive - Error during types archive download: Network error: Unable to download federated mocks for 'remote1' from 'http://localhost:2001/@mf-types.zip' because 'connect ECONNREFUSED ::1:2001'
[2024-06-06T10:48:10.818] [INFO] Module Federation Dev Server - [_updateSubscriber] run, updateSourcePaths:remote1,federation_consumer, update publisher federation_consumer start...
[2024-06-06T10:48:10.818] [ERROR] downloadTypesArchive - Error during types archive download: Network error: Unable to download federated mocks for 'remote1' from 'http://localhost:2001/@mf-types.zip' because 'connect ECONNREFUSED ::1:2001'
[2024-06-06T10:48:11.774] [INFO] forkDevWorker - ChildProcess(25013), message: {"type":"mf_call","id":"8bcb3b4f-cd33-498c-a078-4ffc4a6fe2ce","args":[null,"update"]} 
[2024-06-06T10:48:11.774] [INFO] Module Federation Dev Server - update run, federation_consumer module update, updateKind: RELOAD_PAGE, updateMode: POSITIVE, updateSourcePaths: undefined
[2024-06-06T10:48:11.774] [INFO] forkDevWorker - remoteModule federation_consumer receive devWorker update, start typesManager.updateTypes 
[2024-06-06T10:48:11.781] [INFO] Module Federation Dev Server - update run, federation_consumer module update, updateKind: UPDATE_TYPE, updateMode: POSITIVE, updateSourcePaths: undefined
[2024-06-06T10:48:12.301] [INFO] Module Federation Dev Server - [_updateSubscriber] run, updateSourcePaths:remote1, current module:federation_consumer, update start...
[2024-06-06T10:48:12.301] [INFO] forkDevWorker - sync remote module remote1, types to vmok federation_consumer,typesManager.updateTypes run
[2024-06-06T10:48:12.301] [INFO] Module Federation Dev Server - update run, federation_consumer module update, updateKind: RELOAD_PAGE, updateMode: PASSIVE, updateSourcePaths: undefined
[2024-06-06T10:48:12.306] [ERROR] downloadTypesArchive - Error during types archive download: Network error: Unable to download federated mocks for 'remote1' from 'http://localhost:2001/@mf-types.zip' because 'connect ECONNREFUSED ::1:2001'
[2024-06-06T10:48:12.309] [ERROR] downloadTypesArchive - Error during types archive download: Network error: Unable to download federated mocks for 'remote1' from 'http://localhost:2001/@mf-types.zip' because 'connect ECONNREFUSED ::1:2001'
[2024-06-06T10:48:12.311] [ERROR] downloadTypesArchive - Error during types archive download: Network error: Unable to download federated mocks for 'remote1' from 'http://localhost:2001/@mf-types.zip' because 'connect ECONNREFUSED ::1:2001'
[2024-06-06T10:48:12.311] [INFO] Module Federation Dev Server - [_updateSubscriber] run, updateSourcePaths:remote1,federation_consumer, update publisher federation_consumer start...
[2024-06-06T10:48:14.851] [INFO] Module Federation Dev Server - [_updateSubscriber] run, updateSourcePaths:remote3, current module:federation_consumer, update start...
[2024-06-06T10:48:14.851] [INFO] forkDevWorker - sync remote module remote3, types to vmok federation_consumer,typesManager.updateTypes run
[2024-06-06T10:48:14.851] [INFO] Module Federation Dev Server - update run, federation_consumer module update, updateKind: RELOAD_PAGE, updateMode: PASSIVE, updateSourcePaths: undefined
[2024-06-06T10:48:15.078] [INFO] Module Federation Dev Server - [_updateSubscriber] run, updateSourcePaths:remote3,federation_consumer, update publisher federation_consumer start...
[2024-06-06T10:48:15.574] [INFO] Module Federation Dev Server - [_updateSubscriber] run, updateSourcePaths:remote3, current module:federation_consumer, update start...
[2024-06-06T10:48:15.575] [INFO] forkDevWorker - sync remote module remote3, types to vmok federation_consumer,typesManager.updateTypes run
[2024-06-06T10:48:15.575] [INFO] Module Federation Dev Server - update run, federation_consumer module update, updateKind: RELOAD_PAGE, updateMode: PASSIVE, updateSourcePaths: undefined
[2024-06-06T10:48:15.585] [INFO] Module Federation Dev Server - [_updateSubscriber] run, updateSourcePaths:remote3,federation_consumer, update publisher federation_consumer start...
[2024-06-06T11:27:10.137] [INFO] forkDevWorker - ChildProcess(25013), message: {"type":"mf_call","id":"8bcb3b4f-cd33-498c-a078-4ffc4a6fe2ce","args":[null,"update"]} 
[2024-06-06T11:27:10.146] [INFO] Module Federation Dev Server - update run, federation_consumer module update, updateKind: UPDATE_TYPE, updateMode: POSITIVE, updateSourcePaths: undefined
[2024-06-06T11:27:10.138] [INFO] forkDevWorker - remoteModule federation_consumer receive devWorker update, start typesManager.updateTypes 
[2024-06-06T11:27:10.138] [INFO] Module Federation Dev Server - update run, federation_consumer module update, updateKind: RELOAD_PAGE, updateMode: POSITIVE, updateSourcePaths: undefined
[2024-06-06T11:27:11.484] [INFO] Module Federation Dev Server - [_updateSubscriber] run, updateSourcePaths:remote3, current module:federation_consumer, update start...
[2024-06-06T11:27:11.484] [INFO] Module Federation Dev Server - update run, federation_consumer module update, updateKind: RELOAD_PAGE, updateMode: PASSIVE, updateSourcePaths: undefined
[2024-06-06T11:27:11.484] [INFO] forkDevWorker - sync remote module remote3, types to vmok federation_consumer,typesManager.updateTypes run
[2024-06-06T11:27:11.495] [INFO] Module Federation Dev Server - [_updateSubscriber] run, updateSourcePaths:remote3,federation_consumer, update publisher federation_consumer start...
