[2024-03-20T22:04:51.453] [INFO] MF DTS Manager - hostName: react_ts_remote generateTypes run,
      mapComponentsToExpose: {"./Module":"/Users/bytedance/outter/universe/apps/react-ts-remote/src/app/nx-welcome.tsx"}
      remoteOptions: {"tsConfigPath":"./tsconfig.json","typesFolder":"@mf-types","compiledTypesFolder":"compiled-types","deleteTypesFolder":true,"additionalFilesToCompile":[],"compilerInstance":"tsc","compileInChildProcess":true,"generateAPITypes":true,"context":"/Users/bytedance/outter/universe/apps/react-ts-remote","moduleFederationConfig":{"name":"react_ts_remote","filename":"remoteEntry.js","exposes":{"./Module":{"import":["./src/app/nx-welcome.tsx"],"name":"__federation_expose_Module"}}}}
      tsConfig: {"rootDir":"/Users/bytedance/outter/universe","sourceMap":true,"esModuleInterop":true,"declaration":true,"moduleResolution":2,"emitDecoratorMetadata":true,"experimentalDecorators":true,"importHelpers":false,"target":8,"allowJs":true,"module":99,"lib":["lib.es2021.d.ts","lib.dom.d.ts"],"skipLibCheck":true,"skipDefaultLibCheck":true,"baseUrl":"/Users/bytedance/outter/universe","jsx":4,"allowSyntheticDefaultImports":true,"forceConsistentCasingInFileNames":true,"strict":true,"noImplicitOverride":true,"noPropertyAccessFromIndexSignature":true,"noImplicitReturns":true,"noFallthroughCasesInSwitch":true,"emitDeclarationOnly":true,"noEmit":false,"outDir":"/Users/bytedance/outter/universe/apps/react-ts-remote/dist/@mf-types/compiled-types"}
      
[2024-03-20T22:04:52.432] [INFO] Broker - NOTIFY_WEB_CLIENT action received 
[2024-03-20T22:04:52.433] [WARN] Broker - [NOTIFY_WEB_CLIENT] mf :react_ts_remote has not been added, this action will be ignored
[2024-03-20T22:04:52.431] [INFO] forkDevWorker - ChildProcess(43006), message: {"type":"mf_call","id":"1ad5b47212865-617418d59307d-c031897720301-153c427e503cd9","args":[null,"update"]} 
[2024-03-20T22:04:52.432] [INFO] MF DTS Manager - updateTypes run, remoteName: react_ts_remote, hostName: react_ts_remote, remoteTarPath: undefined, updateMode: POSITIVE 
[2024-03-20T22:04:52.432] [INFO] Module Federation Dev Server - update run, react_ts_remote module update, updateKind: RELOAD_PAGE, updateMode: POSITIVE, updateSourcePaths: undefined
[2024-03-20T22:04:52.435] [INFO] MF DTS Manager - hostName: react_ts_remote generateTypes run,
      mapComponentsToExpose: {"./Module":"/Users/bytedance/outter/universe/apps/react-ts-remote/src/app/nx-welcome.tsx"}
      remoteOptions: {"tsConfigPath":"./tsconfig.json","typesFolder":".dev-server","compiledTypesFolder":"compiled-types","deleteTypesFolder":true,"additionalFilesToCompile":[],"compilerInstance":"tsc","compileInChildProcess":true,"implementation":"","generateAPITypes":false,"context":"/Users/bytedance/outter/universe/apps/react-ts-remote","moduleFederationConfig":{"name":"react_ts_remote","filename":"remoteEntry.js","exposes":{"./Module":{"import":["./src/app/nx-welcome.tsx"],"name":"__federation_expose_Module"}}}}
      tsConfig: {"rootDir":"/Users/bytedance/outter/universe","sourceMap":true,"esModuleInterop":true,"declaration":true,"moduleResolution":2,"emitDecoratorMetadata":true,"experimentalDecorators":true,"importHelpers":false,"target":8,"allowJs":true,"module":99,"lib":["lib.es2021.d.ts","lib.dom.d.ts"],"skipLibCheck":true,"skipDefaultLibCheck":true,"baseUrl":"/Users/bytedance/outter/universe","jsx":4,"allowSyntheticDefaultImports":true,"forceConsistentCasingInFileNames":true,"strict":true,"noImplicitOverride":true,"noPropertyAccessFromIndexSignature":true,"noImplicitReturns":true,"noFallthroughCasesInSwitch":true,"emitDeclarationOnly":true,"noEmit":false,"outDir":"/Users/bytedance/outter/universe/apps/react-ts-remote/dist/.dev-server/compiled-types"}
      
[2024-03-20T22:04:53.157] [INFO] Module Federation Dev Server - update run, react_ts_remote module update, updateKind: UPDATE_TYPE, updateMode: POSITIVE, updateSourcePaths: undefined
[2024-03-20T22:04:52.431] [INFO] forkDevWorker - remoteModule react_ts_remote receive devWorker update, start typesManager.updateTypes 
[2024-03-20T22:04:53.158] [INFO] Broker - [UPDATE_PUBLISHER] mf :react_ts_remote:192.168.0.102 update, and notify subscribers to update
[2024-03-20T22:04:53.158] [INFO] Broker - UPDATE_PUBLISHER action received 
[2024-03-20T22:04:53.159] [INFO] Publisher - [BroadCast] react_ts_remote notifySubscriber: mf :react_ts_nested_remote:192.168.0.102, PID: 43012, message: {"type":"API","kind":"UPDATE_SUBSCRIBER","time":1710943493158,"code":0,"payload":{"remoteTypeTarPath":"http://192.168.0.102:59852/types.tar.gz","name":"react_ts_remote","updateMode":"POSITIVE","updateKind":"UPDATE_TYPE","updateSourcePaths":["react_ts_remote"]}}
[2024-03-20T22:04:53.161] [INFO] Broker - NOTIFY_WEB_CLIENT action received 
[2024-03-20T22:04:53.161] [WARN] Broker - [NOTIFY_WEB_CLIENT] mf :react_ts_nested_remote has not been added, this action will be ignored
[2024-03-20T22:04:53.160] [INFO] Module Federation Dev Server - [_updateSubscriber] run, updateSourcePaths:react_ts_remote, current module:react_ts_nested_remote, update start...
[2024-03-20T22:04:53.160] [INFO] forkDevWorker - sync remote module react_ts_remote, types to vmok react_ts_nested_remote,typesManager.updateTypes run
[2024-03-20T22:04:53.160] [INFO] Module Federation Dev Server - update run, react_ts_nested_remote module update, updateKind: RELOAD_PAGE, updateMode: PASSIVE, updateSourcePaths: undefined
[2024-03-20T22:04:53.160] [INFO] MF DTS Manager - updateTypes run, remoteName: react_ts_remote, hostName: react_ts_nested_remote, remoteTarPath: http://192.168.0.102:59852/types.tar.gz, updateMode: POSITIVE 
[2024-03-20T22:04:53.161] [INFO] MF DTS Manager - updateTypes run,update remote types, options.host: {"context":"/Users/bytedance/outter/universe/apps/react-ts-nested-remote","moduleFederationConfig":{"name":"react_ts_nested_remote","filename":"remoteEntry.js","exposes":{"./Module":{"import":["./src/app/nx-welcome.tsx"],"name":"__federation_expose_Module"},"./Button":{"import":["./src/app/Button.tsx"],"name":"__federation_expose_Button"}},"remotes":{"react_ts_remote":"react_ts_remote@http://localhost:3004/remoteEntry.js"}},"typesFolder":"@mf-types","abortOnError":false}, remoteAliasMap: {"react_ts_remote":{"name":"react_ts_remote","url":"http://localhost:3004/remoteEntry.js","zipUrl":"http://localhost:3004/.dev-server.zip","apiTypeUrl":"http://localhost:3004/.dev-server.d.ts","alias":"react_ts_remote"}}
[2024-03-20T22:04:53.169] [INFO] Module Federation Dev Server - [_updateSubscriber] run, updateSourcePaths:react_ts_remote,react_ts_nested_remote, update publisher react_ts_nested_remote start...
[2024-03-20T22:04:53.170] [INFO] Broker - UPDATE_PUBLISHER action received 
[2024-03-20T22:04:53.170] [INFO] Broker - [UPDATE_PUBLISHER] mf :react_ts_nested_remote:192.168.0.102 update, and notify subscribers to update
[2024-03-20T22:04:53.171] [WARN] Publisher - [BroadCast] react_ts_nested_remote's subscribe is empty
[2024-03-20T22:05:35.855] [INFO] Broker - EXIT_PUBLISHER action received 
[2024-03-20T22:05:35.855] [INFO] Broker - [EXIT_PUBLISHER]: mf :react_ts_nested_remote:192.168.0.102 is removed 
