Generated 204 commits for 17 apps over the past year.
[chore/optimize-apps 91cb728d8] docs: [Aiden] Initialize README with title for 3000-home (Optimization)
 1 file changed, 3 insertions(+)
 create mode 100644 apps/3000-home/README.md
[chore/optimize-apps fdc54213b] docs: [Aiden] Add description section for 3000-home (Optimization)
 1 file changed, 5 insertions(+)
[chore/optimize-apps e2a295508] docs: [Aiden] Add prerequisites and features for 3000-home (Optimization)
 1 file changed, 7 insertions(+), 1 deletion(-)
[chore/optimize-apps cdb18ab01] docs: [Aiden] Add installation guide for 3000-home (Optimization)
 1 file changed, 7 insertions(+), 1 deletion(-)
[chore/optimize-apps 4d36c0b30] docs: [Aiden] Add available scripts for 3000-home (Optimization)
 1 file changed, 6 insertions(+), 1 deletion(-)
[chore/optimize-apps d00bfbde6] docs: [Aiden] Add running instructions for 3000-home (Optimization)
 1 file changed, 5 insertions(+), 1 deletion(-)
[chore/optimize-apps e92d0e6bf] docs: [Aiden] Add build instructions for 3000-home (Optimization)
 1 file changed, 5 insertions(+), 1 deletion(-)
[chore/optimize-apps e1c4b15cc] docs: [Aiden] Add configuration section for 3000-home (Optimization)
 1 file changed, 5 insertions(+), 1 deletion(-)
[chore/optimize-apps 9615f1e4b] chore: [Aiden] Update package.json description for 3000-home (Optimization)
 1 file changed, 1 insertion(+), 1 deletion(-)
[chore/optimize-apps c45ceb03c] docs: [Aiden] Add links and badges for 3000-home (Optimization)
 1 file changed, 5 insertions(+), 1 deletion(-)
[chore/optimize-apps 8d8966ce7] docs: [Aiden] Add troubleshooting notes for 3000-home (Optimization)
 1 file changed, 5 insertions(+), 1 deletion(-)
[chore/optimize-apps 15c49c53c] docs: [Aiden] Final README polish for 3000-home (Optimization)
 1 file changed, 5 insertions(+), 1 deletion(-)
[chore/optimize-apps 6aa354bb7] docs: [Aiden] Initialize README with title for 3001-shop (Optimization)
 1 file changed, 3 insertions(+)
 create mode 100644 apps/3001-shop/README.md
[chore/optimize-apps a5890f366] docs: [Aiden] Add description section for 3001-shop (Optimization)
 1 file changed, 5 insertions(+)
[chore/optimize-apps 01c7dbd1b] docs: [Aiden] Add prerequisites and features for 3001-shop (Optimization)
 1 file changed, 7 insertions(+), 1 deletion(-)
[chore/optimize-apps 3cab18773] docs: [Aiden] Add installation guide for 3001-shop (Optimization)
 1 file changed, 7 insertions(+), 1 deletion(-)
[chore/optimize-apps abb9fd692] docs: [Aiden] Add available scripts for 3001-shop (Optimization)
 1 file changed, 6 insertions(+), 1 deletion(-)
[chore/optimize-apps 1ae056ea6] docs: [Aiden] Add running instructions for 3001-shop (Optimization)
 1 file changed, 5 insertions(+), 1 deletion(-)
[chore/optimize-apps 924c39267] docs: [Aiden] Add build instructions for 3001-shop (Optimization)
 1 file changed, 5 insertions(+), 1 deletion(-)
[chore/optimize-apps 3a1acfc4a] docs: [Aiden] Add configuration section for 3001-shop (Optimization)
 1 file changed, 5 insertions(+), 1 deletion(-)
[chore/optimize-apps c6c500e94] chore: [Aiden] Update package.json description for 3001-shop (Optimization)
 1 file changed, 1 insertion(+), 1 deletion(-)
[chore/optimize-apps b6ebb6f5d] docs: [Aiden] Add links and badges for 3001-shop (Optimization)
 1 file changed, 5 insertions(+), 1 deletion(-)
[chore/optimize-apps fc387f0df] docs: [Aiden] Add troubleshooting notes for 3001-shop (Optimization)
 1 file changed, 5 insertions(+), 1 deletion(-)
[chore/optimize-apps ce0ff142e] docs: [Aiden] Final README polish for 3001-shop (Optimization)
 1 file changed, 5 insertions(+), 1 deletion(-)
[chore/optimize-apps f2035799d] docs: [Aiden] Initialize README with title for 3002-checkout (Optimization)
 1 file changed, 3 insertions(+)
 create mode 100644 apps/3002-checkout/README.md
[chore/optimize-apps e06425017] docs: [Aiden] Add description section for 3002-checkout (Optimization)
 1 file changed, 5 insertions(+)
[chore/optimize-apps 9e052c045] docs: [Aiden] Add prerequisites and features for 3002-checkout (Optimization)
 1 file changed, 7 insertions(+), 1 deletion(-)
[chore/optimize-apps c0374e1ca] docs: [Aiden] Add installation guide for 3002-checkout (Optimization)
 1 file changed, 7 insertions(+), 1 deletion(-)
[chore/optimize-apps 50dcdd97a] docs: [Aiden] Add available scripts for 3002-checkout (Optimization)
 1 file changed, 6 insertions(+), 1 deletion(-)
[chore/optimize-apps 5241887a4] docs: [Aiden] Add running instructions for 3002-checkout (Optimization)
 1 file changed, 5 insertions(+), 1 deletion(-)
[chore/optimize-apps 03efd3333] docs: [Aiden] Add build instructions for 3002-checkout (Optimization)
 1 file changed, 5 insertions(+), 1 deletion(-)
[chore/optimize-apps f3ab31d44] docs: [Aiden] Add configuration section for 3002-checkout (Optimization)
 1 file changed, 5 insertions(+), 1 deletion(-)
[chore/optimize-apps 7041b2c22] chore: [Aiden] Update package.json description for 3002-checkout (Optimization)
 1 file changed, 1 insertion(+), 1 deletion(-)
[chore/optimize-apps 43dc35e02] docs: [Aiden] Add links and badges for 3002-checkout (Optimization)
 1 file changed, 5 insertions(+), 1 deletion(-)
[chore/optimize-apps 5e47836b6] docs: [Aiden] Add troubleshooting notes for 3002-checkout (Optimization)
 1 file changed, 5 insertions(+), 1 deletion(-)
[chore/optimize-apps 6a2980b86] docs: [Aiden] Final README polish for 3002-checkout (Optimization)
 1 file changed, 5 insertions(+), 1 deletion(-)
[chore/optimize-apps a588b6b9b] docs: [Aiden] Initialize README with title for bundle-size (Optimization)
 1 file changed, 3 insertions(+)
 create mode 100644 apps/bundle-size/README.md
[chore/optimize-apps 31537b3fc] docs: [Aiden] Add description section for bundle-size (Optimization)
 1 file changed, 5 insertions(+)
[chore/optimize-apps 47c228f1b] docs: [Aiden] Add prerequisites and features for bundle-size (Optimization)
 1 file changed, 7 insertions(+), 1 deletion(-)
[chore/optimize-apps 8784a5596] docs: [Aiden] Add installation guide for bundle-size (Optimization)
 1 file changed, 7 insertions(+), 1 deletion(-)
[chore/optimize-apps 23d5501b2] docs: [Aiden] Add available scripts for bundle-size (Optimization)
 1 file changed, 6 insertions(+), 1 deletion(-)
[chore/optimize-apps 5102be57f] docs: [Aiden] Add running instructions for bundle-size (Optimization)
 1 file changed, 5 insertions(+), 1 deletion(-)
[chore/optimize-apps a9ba44645] docs: [Aiden] Add build instructions for bundle-size (Optimization)
 1 file changed, 5 insertions(+), 1 deletion(-)
[chore/optimize-apps 7d28cec01] docs: [Aiden] Add configuration section for bundle-size (Optimization)
 1 file changed, 5 insertions(+), 1 deletion(-)
[chore/optimize-apps 222073629] chore: [Aiden] Update package.json description for bundle-size (Optimization)
 1 file changed, 1 insertion(+), 1 deletion(-)
[chore/optimize-apps bd4d4bda4] docs: [Aiden] Add links and badges for bundle-size (Optimization)
 1 file changed, 5 insertions(+), 1 deletion(-)
[chore/optimize-apps 8651678c7] docs: [Aiden] Add troubleshooting notes for bundle-size (Optimization)
 1 file changed, 5 insertions(+), 1 deletion(-)
[chore/optimize-apps 00d3e98af] docs: [Aiden] Final README polish for bundle-size (Optimization)
 1 file changed, 5 insertions(+), 1 deletion(-)
[chore/optimize-apps 23db247dd] docs: [Aiden] Initialize README with title for esbuild (Optimization)
 1 file changed, 3 insertions(+)
 create mode 100644 apps/esbuild/README.md
[chore/optimize-apps 0d36cf0a8] docs: [Aiden] Add description section for esbuild (Optimization)
 1 file changed, 5 insertions(+)
[chore/optimize-apps 66cb62541] docs: [Aiden] Add prerequisites and features for esbuild (Optimization)
 1 file changed, 7 insertions(+), 1 deletion(-)
[chore/optimize-apps b10cd9225] docs: [Aiden] Add installation guide for esbuild (Optimization)
 1 file changed, 7 insertions(+), 1 deletion(-)
[chore/optimize-apps 0d6ee88c8] docs: [Aiden] Add available scripts for esbuild (Optimization)
 1 file changed, 6 insertions(+), 1 deletion(-)
[chore/optimize-apps 9b2be9658] docs: [Aiden] Add running instructions for esbuild (Optimization)
 1 file changed, 5 insertions(+), 1 deletion(-)
[chore/optimize-apps 663ca4f8c] docs: [Aiden] Add build instructions for esbuild (Optimization)
 1 file changed, 5 insertions(+), 1 deletion(-)
[chore/optimize-apps d2d9b8ee4] docs: [Aiden] Add configuration section for esbuild (Optimization)
 1 file changed, 5 insertions(+), 1 deletion(-)
[chore/optimize-apps cc0d0e71e] chore: [Aiden] Update package.json description for esbuild (Optimization)
 1 file changed, 1 insertion(+), 1 deletion(-)
[chore/optimize-apps b5e71970b] docs: [Aiden] Add links and badges for esbuild (Optimization)
 1 file changed, 5 insertions(+), 1 deletion(-)
[chore/optimize-apps e5af4d86d] docs: [Aiden] Add troubleshooting notes for esbuild (Optimization)
 1 file changed, 5 insertions(+), 1 deletion(-)
[chore/optimize-apps d52f2baca] docs: [Aiden] Final README polish for esbuild (Optimization)
 1 file changed, 5 insertions(+), 1 deletion(-)
[chore/optimize-apps b07945f2a] docs: [Aiden] Initialize README with title for node-dynamic-remote (Optimization)
 1 file changed, 3 insertions(+)
 create mode 100644 apps/node-dynamic-remote/README.md
[chore/optimize-apps 3793b91d3] docs: [Aiden] Add description section for node-dynamic-remote (Optimization)
 1 file changed, 5 insertions(+)
[chore/optimize-apps f2f4e58b9] docs: [Aiden] Add prerequisites and features for node-dynamic-remote (Optimization)
 1 file changed, 7 insertions(+), 1 deletion(-)
[chore/optimize-apps 22e195909] docs: [Aiden] Add installation guide for node-dynamic-remote (Optimization)
 1 file changed, 7 insertions(+), 1 deletion(-)
[chore/optimize-apps 2c4358706] docs: [Aiden] Add available scripts for node-dynamic-remote (Optimization)
 1 file changed, 6 insertions(+), 1 deletion(-)
[chore/optimize-apps 5e5b8c486] docs: [Aiden] Add running instructions for node-dynamic-remote (Optimization)
 1 file changed, 5 insertions(+), 1 deletion(-)
[chore/optimize-apps c22cf751c] docs: [Aiden] Add build instructions for node-dynamic-remote (Optimization)
 1 file changed, 5 insertions(+), 1 deletion(-)
[chore/optimize-apps 6847668cd] docs: [Aiden] Add configuration section for node-dynamic-remote (Optimization)
 1 file changed, 5 insertions(+), 1 deletion(-)
[chore/optimize-apps 7256aac01] chore: [Aiden] Update package.json description for node-dynamic-remote (Optimization)
 1 file changed, 1 insertion(+), 1 deletion(-)
[chore/optimize-apps fa95ca667] docs: [Aiden] Add links and badges for node-dynamic-remote (Optimization)
 1 file changed, 5 insertions(+), 1 deletion(-)
[chore/optimize-apps 1212e109f] docs: [Aiden] Add troubleshooting notes for node-dynamic-remote (Optimization)
 1 file changed, 5 insertions(+), 1 deletion(-)
[chore/optimize-apps 651a6b4f1] docs: [Aiden] Final README polish for node-dynamic-remote (Optimization)
 1 file changed, 5 insertions(+), 1 deletion(-)
[chore/optimize-apps fed0ef835] docs: [Aiden] Initialize README with title for node-dynamic-remote-new-version (Optimization)
 1 file changed, 3 insertions(+)
 create mode 100644 apps/node-dynamic-remote-new-version/README.md
[chore/optimize-apps f2057563f] docs: [Aiden] Add description section for node-dynamic-remote-new-version (Optimization)
 1 file changed, 5 insertions(+)
[chore/optimize-apps 0cdaa023d] docs: [Aiden] Add prerequisites and features for node-dynamic-remote-new-version (Optimization)
 1 file changed, 7 insertions(+), 1 deletion(-)
[chore/optimize-apps b497db783] docs: [Aiden] Add installation guide for node-dynamic-remote-new-version (Optimization)
 1 file changed, 7 insertions(+), 1 deletion(-)
[chore/optimize-apps 8ecda3a08] docs: [Aiden] Add available scripts for node-dynamic-remote-new-version (Optimization)
 1 file changed, 6 insertions(+), 1 deletion(-)
[chore/optimize-apps 66e8a593c] docs: [Aiden] Add running instructions for node-dynamic-remote-new-version (Optimization)
 1 file changed, 5 insertions(+), 1 deletion(-)
[chore/optimize-apps 65f812b95] docs: [Aiden] Add build instructions for node-dynamic-remote-new-version (Optimization)
 1 file changed, 5 insertions(+), 1 deletion(-)
[chore/optimize-apps 14bb748a7] docs: [Aiden] Add configuration section for node-dynamic-remote-new-version (Optimization)
 1 file changed, 5 insertions(+), 1 deletion(-)
[chore/optimize-apps a0067cb68] chore: [Aiden] Update package.json description for node-dynamic-remote-new-version (Optimization)
 1 file changed, 1 insertion(+), 1 deletion(-)
[chore/optimize-apps 20e6b5ed0] docs: [Aiden] Add links and badges for node-dynamic-remote-new-version (Optimization)
 1 file changed, 5 insertions(+), 1 deletion(-)
[chore/optimize-apps 24f2488f4] docs: [Aiden] Add troubleshooting notes for node-dynamic-remote-new-version (Optimization)
 1 file changed, 5 insertions(+), 1 deletion(-)
[chore/optimize-apps 6e3c46a4f] docs: [Aiden] Final README polish for node-dynamic-remote-new-version (Optimization)
 1 file changed, 5 insertions(+), 1 deletion(-)
[chore/optimize-apps cd9afe5a0] docs: [Aiden] Initialize README with title for node-host (Optimization)
 1 file changed, 3 insertions(+)
 create mode 100644 apps/node-host/README.md
[chore/optimize-apps 0d56e8d0d] docs: [Aiden] Add description section for node-host (Optimization)
 1 file changed, 5 insertions(+)
[chore/optimize-apps 47c92db0f] docs: [Aiden] Add prerequisites and features for node-host (Optimization)
 1 file changed, 7 insertions(+), 1 deletion(-)
[chore/optimize-apps fdaf12da3] docs: [Aiden] Add installation guide for node-host (Optimization)
 1 file changed, 7 insertions(+), 1 deletion(-)
[chore/optimize-apps a5dd189d3] docs: [Aiden] Add available scripts for node-host (Optimization)
 1 file changed, 6 insertions(+), 1 deletion(-)
[chore/optimize-apps 22d81a917] docs: [Aiden] Add running instructions for node-host (Optimization)
 1 file changed, 5 insertions(+), 1 deletion(-)
[chore/optimize-apps c68a9f7f5] docs: [Aiden] Add build instructions for node-host (Optimization)
 1 file changed, 5 insertions(+), 1 deletion(-)
[chore/optimize-apps 0db17d541] docs: [Aiden] Add configuration section for node-host (Optimization)
 1 file changed, 5 insertions(+), 1 deletion(-)
[chore/optimize-apps 8589eafde] chore: [Aiden] Update package.json description for node-host (Optimization)
 1 file changed, 1 insertion(+), 1 deletion(-)
[chore/optimize-apps be4808d4b] docs: [Aiden] Add links and badges for node-host (Optimization)
 1 file changed, 5 insertions(+), 1 deletion(-)
[chore/optimize-apps 76be2ca25] docs: [Aiden] Add troubleshooting notes for node-host (Optimization)
 1 file changed, 5 insertions(+), 1 deletion(-)
[chore/optimize-apps 47b874d94] docs: [Aiden] Final README polish for node-host (Optimization)
 1 file changed, 5 insertions(+), 1 deletion(-)
[chore/optimize-apps 921f495d6] docs: [Aiden] Initialize README with title for node-host-e2e (Optimization)
 1 file changed, 3 insertions(+)
 create mode 100644 apps/node-host-e2e/README.md
[chore/optimize-apps 5394a7a3d] docs: [Aiden] Add description section for node-host-e2e (Optimization)
 1 file changed, 5 insertions(+)
[chore/optimize-apps ef2c775dc] docs: [Aiden] Add prerequisites and features for node-host-e2e (Optimization)
 1 file changed, 7 insertions(+), 1 deletion(-)
[chore/optimize-apps 7dc46de74] docs: [Aiden] Add installation guide for node-host-e2e (Optimization)
 1 file changed, 7 insertions(+), 1 deletion(-)
[chore/optimize-apps fcb93cafc] docs: [Aiden] Add available scripts for node-host-e2e (Optimization)
 1 file changed, 6 insertions(+), 1 deletion(-)
[chore/optimize-apps 8da4ab601] docs: [Aiden] Add running instructions for node-host-e2e (Optimization)
 1 file changed, 5 insertions(+), 1 deletion(-)
[chore/optimize-apps c8627be27] docs: [Aiden] Add build instructions for node-host-e2e (Optimization)
 1 file changed, 5 insertions(+), 1 deletion(-)
[chore/optimize-apps edf832b5b] docs: [Aiden] Add configuration section for node-host-e2e (Optimization)
 1 file changed, 5 insertions(+), 1 deletion(-)
[chore/optimize-apps 22afcf0e3] chore: [Aiden] Update package.json description for node-host-e2e (Optimization)
 1 file changed, 1 insertion(+), 1 deletion(-)
[chore/optimize-apps 7784d82fb] docs: [Aiden] Add links and badges for node-host-e2e (Optimization)
 1 file changed, 5 insertions(+), 1 deletion(-)
[chore/optimize-apps 2d1184aea] docs: [Aiden] Add troubleshooting notes for node-host-e2e (Optimization)
 1 file changed, 5 insertions(+), 1 deletion(-)
[chore/optimize-apps 806369ee3] docs: [Aiden] Final README polish for node-host-e2e (Optimization)
 1 file changed, 5 insertions(+), 1 deletion(-)
[chore/optimize-apps 54c497bf4] docs: [Aiden] Initialize README with title for node-local-remote (Optimization)
 1 file changed, 3 insertions(+)
 create mode 100644 apps/node-local-remote/README.md
[chore/optimize-apps e6ac28dd4] docs: [Aiden] Add description section for node-local-remote (Optimization)
 1 file changed, 5 insertions(+)
[chore/optimize-apps f616f1627] docs: [Aiden] Add prerequisites and features for node-local-remote (Optimization)
 1 file changed, 7 insertions(+), 1 deletion(-)
[chore/optimize-apps 2ac737b28] docs: [Aiden] Add installation guide for node-local-remote (Optimization)
 1 file changed, 7 insertions(+), 1 deletion(-)
[chore/optimize-apps 482fa6810] docs: [Aiden] Add available scripts for node-local-remote (Optimization)
 1 file changed, 6 insertions(+), 1 deletion(-)
[chore/optimize-apps dfa0d5f3a] docs: [Aiden] Add running instructions for node-local-remote (Optimization)
 1 file changed, 5 insertions(+), 1 deletion(-)
[chore/optimize-apps a2eaa2860] docs: [Aiden] Add build instructions for node-local-remote (Optimization)
 1 file changed, 5 insertions(+), 1 deletion(-)
[chore/optimize-apps 16ccc5f71] docs: [Aiden] Add configuration section for node-local-remote (Optimization)
 1 file changed, 5 insertions(+), 1 deletion(-)
[chore/optimize-apps 576198bab] chore: [Aiden] Update package.json description for node-local-remote (Optimization)
 1 file changed, 1 insertion(+), 1 deletion(-)
[chore/optimize-apps 1845174c4] docs: [Aiden] Add links and badges for node-local-remote (Optimization)
 1 file changed, 5 insertions(+), 1 deletion(-)
[chore/optimize-apps 858371326] docs: [Aiden] Add troubleshooting notes for node-local-remote (Optimization)
 1 file changed, 5 insertions(+), 1 deletion(-)
[chore/optimize-apps 5d7b747a9] docs: [Aiden] Final README polish for node-local-remote (Optimization)
 1 file changed, 5 insertions(+), 1 deletion(-)
[chore/optimize-apps 6c8b5d0de] docs: [Aiden] Initialize README with title for node-remote (Optimization)
 1 file changed, 3 insertions(+)
 create mode 100644 apps/node-remote/README.md
[chore/optimize-apps f546a043b] docs: [Aiden] Add description section for node-remote (Optimization)
 1 file changed, 5 insertions(+)
[chore/optimize-apps d8ad17fba] docs: [Aiden] Add prerequisites and features for node-remote (Optimization)
 1 file changed, 7 insertions(+), 1 deletion(-)
[chore/optimize-apps 9b41285b4] docs: [Aiden] Add installation guide for node-remote (Optimization)
 1 file changed, 7 insertions(+), 1 deletion(-)
[chore/optimize-apps 2731e5ea5] docs: [Aiden] Add available scripts for node-remote (Optimization)
 1 file changed, 6 insertions(+), 1 deletion(-)
[chore/optimize-apps 1efd664f9] docs: [Aiden] Add running instructions for node-remote (Optimization)
 1 file changed, 5 insertions(+), 1 deletion(-)
[chore/optimize-apps 26365274e] docs: [Aiden] Add build instructions for node-remote (Optimization)
 1 file changed, 5 insertions(+), 1 deletion(-)
[chore/optimize-apps a4bec2902] docs: [Aiden] Add configuration section for node-remote (Optimization)
 1 file changed, 5 insertions(+), 1 deletion(-)
[chore/optimize-apps e3298e75a] chore: [Aiden] Update package.json description for node-remote (Optimization)
 1 file changed, 1 insertion(+), 1 deletion(-)
[chore/optimize-apps 6664f1440] docs: [Aiden] Add links and badges for node-remote (Optimization)
 1 file changed, 5 insertions(+), 1 deletion(-)
[chore/optimize-apps 239fc81f1] docs: [Aiden] Add troubleshooting notes for node-remote (Optimization)
 1 file changed, 5 insertions(+), 1 deletion(-)
[chore/optimize-apps 9ea4d7e92] docs: [Aiden] Final README polish for node-remote (Optimization)
 1 file changed, 5 insertions(+), 1 deletion(-)
[chore/optimize-apps d81c9ca38] docs: [Aiden] Initialize README with title for react-ts-host (Optimization)
 1 file changed, 3 insertions(+)
 create mode 100644 apps/react-ts-host/README.md
[chore/optimize-apps 810892dc5] docs: [Aiden] Add description section for react-ts-host (Optimization)
 1 file changed, 5 insertions(+)
[chore/optimize-apps 39c5b69e2] docs: [Aiden] Add prerequisites and features for react-ts-host (Optimization)
 1 file changed, 7 insertions(+), 1 deletion(-)
[chore/optimize-apps 10cdbd8f7] docs: [Aiden] Add installation guide for react-ts-host (Optimization)
 1 file changed, 7 insertions(+), 1 deletion(-)
[chore/optimize-apps 852cad082] docs: [Aiden] Add available scripts for react-ts-host (Optimization)
 1 file changed, 6 insertions(+), 1 deletion(-)
[chore/optimize-apps 831b1e88d] docs: [Aiden] Add running instructions for react-ts-host (Optimization)
 1 file changed, 5 insertions(+), 1 deletion(-)
[chore/optimize-apps 512a1996c] docs: [Aiden] Add build instructions for react-ts-host (Optimization)
 1 file changed, 5 insertions(+), 1 deletion(-)
[chore/optimize-apps 9bf51d2d0] docs: [Aiden] Add configuration section for react-ts-host (Optimization)
 1 file changed, 5 insertions(+), 1 deletion(-)
[chore/optimize-apps 69490cfcf] chore: [Aiden] Update package.json description for react-ts-host (Optimization)
 1 file changed, 1 insertion(+), 1 deletion(-)
[chore/optimize-apps b7f6fdb55] docs: [Aiden] Add links and badges for react-ts-host (Optimization)
 1 file changed, 5 insertions(+), 1 deletion(-)
[chore/optimize-apps 16e038c03] docs: [Aiden] Add troubleshooting notes for react-ts-host (Optimization)
 1 file changed, 5 insertions(+), 1 deletion(-)
[chore/optimize-apps 7c85ae94b] docs: [Aiden] Final README polish for react-ts-host (Optimization)
 1 file changed, 5 insertions(+), 1 deletion(-)
[chore/optimize-apps b3bb15c7c] docs: [Aiden] Initialize README with title for react-ts-nested-remote (Optimization)
 1 file changed, 3 insertions(+)
 create mode 100644 apps/react-ts-nested-remote/README.md
[chore/optimize-apps 0792a6d7b] docs: [Aiden] Add description section for react-ts-nested-remote (Optimization)
 1 file changed, 5 insertions(+)
[chore/optimize-apps 09be635bb] docs: [Aiden] Add prerequisites and features for react-ts-nested-remote (Optimization)
 1 file changed, 7 insertions(+), 1 deletion(-)
[chore/optimize-apps bdbf8a6eb] docs: [Aiden] Add installation guide for react-ts-nested-remote (Optimization)
 1 file changed, 7 insertions(+), 1 deletion(-)
[chore/optimize-apps 88a2b6ddc] docs: [Aiden] Add available scripts for react-ts-nested-remote (Optimization)
 1 file changed, 6 insertions(+), 1 deletion(-)
[chore/optimize-apps 99ce9d814] docs: [Aiden] Add running instructions for react-ts-nested-remote (Optimization)
 1 file changed, 5 insertions(+), 1 deletion(-)
[chore/optimize-apps 2b2e894a9] docs: [Aiden] Add build instructions for react-ts-nested-remote (Optimization)
 1 file changed, 5 insertions(+), 1 deletion(-)
[chore/optimize-apps bc40f3b5b] docs: [Aiden] Add configuration section for react-ts-nested-remote (Optimization)
 1 file changed, 5 insertions(+), 1 deletion(-)
[chore/optimize-apps 824518517] chore: [Aiden] Update package.json description for react-ts-nested-remote (Optimization)
 1 file changed, 1 insertion(+), 1 deletion(-)
[chore/optimize-apps 30e009f89] docs: [Aiden] Add links and badges for react-ts-nested-remote (Optimization)
 1 file changed, 5 insertions(+), 1 deletion(-)
[chore/optimize-apps 3766c1c59] docs: [Aiden] Add troubleshooting notes for react-ts-nested-remote (Optimization)
 1 file changed, 5 insertions(+), 1 deletion(-)
[chore/optimize-apps 84ef7a658] docs: [Aiden] Final README polish for react-ts-nested-remote (Optimization)
 1 file changed, 5 insertions(+), 1 deletion(-)
[chore/optimize-apps fffc01b92] docs: [Aiden] Initialize README with title for react-ts-remote (Optimization)
 1 file changed, 3 insertions(+)
 create mode 100644 apps/react-ts-remote/README.md
[chore/optimize-apps 47ab525cb] docs: [Aiden] Add description section for react-ts-remote (Optimization)
 1 file changed, 5 insertions(+)
[chore/optimize-apps 9cfc36430] docs: [Aiden] Add prerequisites and features for react-ts-remote (Optimization)
 1 file changed, 7 insertions(+), 1 deletion(-)
[chore/optimize-apps c42fa7cbe] docs: [Aiden] Add installation guide for react-ts-remote (Optimization)
 1 file changed, 7 insertions(+), 1 deletion(-)
[chore/optimize-apps d5b95b093] docs: [Aiden] Add available scripts for react-ts-remote (Optimization)
 1 file changed, 6 insertions(+), 1 deletion(-)
[chore/optimize-apps cf17ea667] docs: [Aiden] Add running instructions for react-ts-remote (Optimization)
 1 file changed, 5 insertions(+), 1 deletion(-)
[chore/optimize-apps f8512db14] docs: [Aiden] Add build instructions for react-ts-remote (Optimization)
 1 file changed, 5 insertions(+), 1 deletion(-)
[chore/optimize-apps 997b1ffdf] docs: [Aiden] Add configuration section for react-ts-remote (Optimization)
 1 file changed, 5 insertions(+), 1 deletion(-)
[chore/optimize-apps 4c291c36e] chore: [Aiden] Update package.json description for react-ts-remote (Optimization)
 1 file changed, 1 insertion(+), 1 deletion(-)
[chore/optimize-apps bbc3f5873] docs: [Aiden] Add links and badges for react-ts-remote (Optimization)
 1 file changed, 5 insertions(+), 1 deletion(-)
[chore/optimize-apps 2a2560bc2] docs: [Aiden] Add troubleshooting notes for react-ts-remote (Optimization)
 1 file changed, 5 insertions(+), 1 deletion(-)
[chore/optimize-apps 87008cc09] docs: [Aiden] Final README polish for react-ts-remote (Optimization)
 1 file changed, 5 insertions(+), 1 deletion(-)
[chore/optimize-apps 0e4c49047] docs: [Aiden] Initialize README with title for reactRemoteUI (Optimization)
 1 file changed, 3 insertions(+)
 create mode 100644 apps/reactRemoteUI/README.md
[chore/optimize-apps 7e5cb851c] docs: [Aiden] Add description section for reactRemoteUI (Optimization)
 1 file changed, 5 insertions(+)
[chore/optimize-apps 6d128f634] docs: [Aiden] Add prerequisites and features for reactRemoteUI (Optimization)
 1 file changed, 7 insertions(+), 1 deletion(-)
[chore/optimize-apps 9e6385040] docs: [Aiden] Add installation guide for reactRemoteUI (Optimization)
 1 file changed, 7 insertions(+), 1 deletion(-)
[chore/optimize-apps 8124f24c1] docs: [Aiden] Add available scripts for reactRemoteUI (Optimization)
 1 file changed, 6 insertions(+), 1 deletion(-)
[chore/optimize-apps b08c5e1a7] docs: [Aiden] Add running instructions for reactRemoteUI (Optimization)
 1 file changed, 5 insertions(+), 1 deletion(-)
[chore/optimize-apps 27292ce0d] docs: [Aiden] Add build instructions for reactRemoteUI (Optimization)
 1 file changed, 5 insertions(+), 1 deletion(-)
[chore/optimize-apps 068578918] docs: [Aiden] Add configuration section for reactRemoteUI (Optimization)
 1 file changed, 5 insertions(+), 1 deletion(-)
[chore/optimize-apps 3da2195b5] chore: [Aiden] Update package.json description for reactRemoteUI (Optimization)
 1 file changed, 1 insertion(+), 1 deletion(-)
[chore/optimize-apps 7a65cdd02] docs: [Aiden] Add links and badges for reactRemoteUI (Optimization)
 1 file changed, 5 insertions(+), 1 deletion(-)
[chore/optimize-apps 178cef7d0] docs: [Aiden] Add troubleshooting notes for reactRemoteUI (Optimization)
 1 file changed, 5 insertions(+), 1 deletion(-)
[chore/optimize-apps e0c909656] docs: [Aiden] Final README polish for reactRemoteUI (Optimization)
 1 file changed, 5 insertions(+), 1 deletion(-)
[chore/optimize-apps d0ee5390e] docs: [Aiden] Initialize README with title for reactStorybook (Optimization)
 1 file changed, 3 insertions(+)
 create mode 100644 apps/reactStorybook/README.md
[chore/optimize-apps 912bf0f3c] docs: [Aiden] Add description section for reactStorybook (Optimization)
 1 file changed, 5 insertions(+)
[chore/optimize-apps 04007994e] docs: [Aiden] Add prerequisites and features for reactStorybook (Optimization)
 1 file changed, 7 insertions(+), 1 deletion(-)
[chore/optimize-apps c9bc8783d] docs: [Aiden] Add installation guide for reactStorybook (Optimization)
 1 file changed, 7 insertions(+), 1 deletion(-)
[chore/optimize-apps 37f33fc32] docs: [Aiden] Add available scripts for reactStorybook (Optimization)
 1 file changed, 6 insertions(+), 1 deletion(-)
[chore/optimize-apps d8e4cc995] docs: [Aiden] Add running instructions for reactStorybook (Optimization)
 1 file changed, 5 insertions(+), 1 deletion(-)
[chore/optimize-apps 91281ca4d] docs: [Aiden] Add build instructions for reactStorybook (Optimization)
 1 file changed, 5 insertions(+), 1 deletion(-)
[chore/optimize-apps 74fb3eb56] docs: [Aiden] Add configuration section for reactStorybook (Optimization)
 1 file changed, 5 insertions(+), 1 deletion(-)
[chore/optimize-apps 064530fe0] chore: [Aiden] Update package.json description for reactStorybook (Optimization)
 1 file changed, 1 insertion(+), 1 deletion(-)
[chore/optimize-apps 29c3a533c] docs: [Aiden] Add links and badges for reactStorybook (Optimization)
 1 file changed, 5 insertions(+), 1 deletion(-)
[chore/optimize-apps d3f09ca89] docs: [Aiden] Add troubleshooting notes for reactStorybook (Optimization)
 1 file changed, 5 insertions(+), 1 deletion(-)
[chore/optimize-apps e9537d80e] docs: [Aiden] Final README polish for reactStorybook (Optimization)
 1 file changed, 5 insertions(+), 1 deletion(-)
[chore/optimize-apps 37aefdb61] docs: [Aiden] Initialize README with title for website-new (Optimization)
 1 file changed, 3 insertions(+)
 create mode 100644 apps/website-new/README.md
[chore/optimize-apps a5e517cb3] docs: [Aiden] Add description section for website-new (Optimization)
 1 file changed, 5 insertions(+)
[chore/optimize-apps c9baf1acf] docs: [Aiden] Add prerequisites and features for website-new (Optimization)
 1 file changed, 7 insertions(+), 1 deletion(-)
[chore/optimize-apps 54f62c31b] docs: [Aiden] Add installation guide for website-new (Optimization)
 1 file changed, 7 insertions(+), 1 deletion(-)
[chore/optimize-apps bbefbb9a8] docs: [Aiden] Add available scripts for website-new (Optimization)
 1 file changed, 6 insertions(+), 1 deletion(-)
[chore/optimize-apps 4aa616f17] docs: [Aiden] Add running instructions for website-new (Optimization)
 1 file changed, 5 insertions(+), 1 deletion(-)
[chore/optimize-apps a9bbc50a0] docs: [Aiden] Add build instructions for website-new (Optimization)
 1 file changed, 5 insertions(+), 1 deletion(-)
[chore/optimize-apps 571cfbf97] docs: [Aiden] Add configuration section for website-new (Optimization)
 1 file changed, 5 insertions(+), 1 deletion(-)
[chore/optimize-apps 11473f539] chore: [Aiden] Update package.json description for website-new (Optimization)
 1 file changed, 1 insertion(+), 1 deletion(-)
[chore/optimize-apps 47b021f30] docs: [Aiden] Add links and badges for website-new (Optimization)
 1 file changed, 5 insertions(+), 1 deletion(-)
[chore/optimize-apps 191ef5714] docs: [Aiden] Add troubleshooting notes for website-new (Optimization)
 1 file changed, 5 insertions(+), 1 deletion(-)
[chore/optimize-apps 82ca849f1] docs: [Aiden] Final README polish for website-new (Optimization)
 1 file changed, 5 insertions(+), 1 deletion(-)
Backdated commits completed.