WARNвҖү Unsupported engine: wanted: {"node":"^20"} (current: {"node":"v22.18.0","pnpm":"10.28.0"})
Progress: resolved 1, reused 0, downloaded 0, added 0
вҖүWARNвҖү deprecated tsup@7.3.0: Breaking node 16
вҖүWARNвҖү deprecated glob@11.1.0: Old versions of glob are not supported, and contain widely publicized security vulnerabilities, which have been fixed in the current version. Please update. Support for old versions may be purchased (at exorbitant rates) by contacting i@izs.me
вҖүWARNвҖү deprecated lodash.get@4.4.2: This package is deprecated. Use the optional chaining (?.) operator instead.
packages/create-module-federation        | вҖүWARNвҖү deprecated glob@7.2.0
apps/shared-tree-shaking/no-server/host  | вҖүWARNвҖү deprecated rimraf@3.0.2
packages/esbuild                         | вҖүWARNвҖү deprecated @rslib/core@0.12.4
packages/esbuild                         | вҖүWARNвҖү deprecated npmlog@7.0.1
Progress: resolved 329, reused 0, downloaded 0, added 0
Progress: resolved 409, reused 0, downloaded 0, added 0
Progress: resolved 464, reused 0, downloaded 0, added 0
packages/typescript                      | вҖүWARNвҖү deprecated next@14.2.16
Progress: resolved 467, reused 0, downloaded 0, added 0
Progress: resolved 782, reused 0, downloaded 0, added 0
Progress: resolved 2317, reused 0, downloaded 0, added 0
Progress: resolved 3501, reused 0, downloaded 0, added 0
Progress: resolved 4359, reused 0, downloaded 0, added 0
Progress: resolved 4794, reused 0, downloaded 0, added 0
Progress: resolved 4859, reused 0, downloaded 0, added 0
Progress: resolved 4872, reused 0, downloaded 0, added 0
вҖүWARNвҖү 43 deprecated subdependencies found: @babel/plugin-proposal-object-rest-spread@7.12.1, @dinero.js/calculator-number@2.0.0-alpha.10, @dinero.js/core@2.0.0-alpha.10, @dinero.js/currencies@2.0.0-alpha.10, @humanwhocodes/config-array@0.13.0, @humanwhocodes/object-schema@2.0.3, abab@2.0.6, are-we-there-yet@2.0.0, are-we-there-yet@4.0.2, debug@4.1.1, domexception@4.0.0, eslint@8.57.1, fsevents@1.2.13, gauge@3.0.2, gauge@5.0.2, git-raw-commits@4.0.0, glob@10.5.0, glob@7.1.6, glob@7.2.3, glob@8.1.0, glob@9.3.5, inflight@1.0.6, intersection-observer@0.12.2, node-domexception@1.0.0, npmlog@5.0.1, opn@6.0.0, path-match@1.2.4, resolve-url@0.2.1, rimraf@2.6.3, rimraf@2.7.1, source-map-resolve@0.5.3, source-map-url@0.4.1, source-map@0.8.0-beta.0, sourcemap-codec@1.4.8, stable@0.1.8, tar@4.4.18, tar@6.2.1, tar@7.5.7, trim@0.0.1, urix@0.1.0, uuid@3.3.2, uuid@3.4.0, whatwg-encoding@2.0.0
Progress: resolved 4876, reused 0, downloaded 0, added 0
Progress: resolved 4876, reused 0, downloaded 0, added 0, done
вҖүWARNвҖү Issues with peer dependencies found
.
в”ңв”Җв”¬ @nx/vite 21.2.3
в”Ӯ в””в”Җв”Җ вң• unmet peer vite@"^5.0.0 || ^6.0.0": found 7.3.1
в”ңв”Җв”¬ @swc-node/register 1.10.10
в”Ӯ в””в”Җв”¬ @swc-node/core 1.14.1
в”Ӯ   в””в”Җв”Җ вң• unmet peer @swc/core@">= 1.13.3": found 1.7.26
в”ңв”Җв”¬ next 14.2.35
в”Ӯ в”ңв”Җв”Җ вң• unmet peer react@^18.2.0: found 19.2.4
в”Ӯ в””в”Җв”Җ вң• unmet peer react-dom@^18.2.0: found 19.2.4
в”ңв”Җв”¬ file-loader 6.2.0
в”Ӯ в””в”Җв”¬ schema-utils 3.3.0
в”Ӯ   в””в”Җв”¬ ajv-keywords 3.5.2
в”Ӯ     в””в”Җв”Җ вң• unmet peer ajv@8.18.0: found 6.14.0
в”ңв”Җв”¬ @commitlint/cz-commitlint 19.5.0
в”Ӯ в””в”Җв”Җ вң• unmet peer inquirer@^9.0.0: found 8.2.7
в”ңв”Җв”¬ @nx/express 21.2.3
в”Ӯ в””в”Җв”Җ вң• unmet peer express@^4.21.2: found 5.2.1
в”ңв”Җв”¬ @nx/rspack 21.2.3
в”Ӯ в””в”Җв”Җ вң• unmet peer @module-federation/enhanced@^0.15.0: found 2.1.0
в”ңв”Җв”¬ @storybook/addon-docs 9.0.17
в”Ӯ в”ңв”Җв”Җ вң• unmet peer storybook@^9.0.17: found 8.6.17
в”Ӯ в”ңв”Җв”¬ @storybook/csf-plugin 9.0.17
в”Ӯ в”Ӯ в””в”Җв”Җ вң• unmet peer storybook@^9.0.17: found 8.6.17
в”Ӯ в””в”Җв”¬ @storybook/react-dom-shim 9.0.17
в”Ӯ   в””в”Җв”Җ вң• unmet peer storybook@^9.0.17: found 8.6.17
в”ңв”Җв”¬ @storybook/nextjs 9.0.9
в”Ӯ в”ңв”Җв”Җ вң• unmet peer storybook@^9.0.9: found 8.6.17
в”Ӯ в”ңв”Җв”¬ @storybook/builder-webpack5 9.0.9
в”Ӯ в”Ӯ в”ңв”Җв”Җ вң• unmet peer storybook@^9.0.9: found 8.6.17
в”Ӯ в”Ӯ в””в”Җв”¬ @storybook/core-webpack 9.0.9
в”Ӯ в”Ӯ   в””в”Җв”Җ вң• unmet peer storybook@^9.0.9: found 8.6.17
в”Ӯ в”ңв”Җв”¬ @storybook/preset-react-webpack 9.0.9
в”Ӯ в”Ӯ в””в”Җв”Җ вң• unmet peer storybook@^9.0.9: found 8.6.17
в”Ӯ в””в”Җв”¬ @storybook/react 9.0.9
в”Ӯ   в”ңв”Җв”Җ вң• unmet peer storybook@^9.0.9: found 8.6.17
в”Ӯ   в””в”Җв”¬ @storybook/react-dom-shim 9.0.9
в”Ӯ     в””в”Җв”Җ вң• unmet peer storybook@^9.0.9: found 8.6.17
в”ңв”Җв”¬ eslint-plugin-storybook 9.0.9
в”Ӯ в””в”Җв”Җ вң• unmet peer storybook@^9.0.9: found 8.6.17
в”ңв”Җв”¬ tsdown 0.20.3
в”Ӯ в””в”Җв”¬ rolldown-plugin-dts 0.22.3
в”Ӯ   в””в”Җв”Җ вң• unmet peer vue-tsc@~3.2.0: found 2.2.12
в””в”Җв”¬ typedoc 0.25.8
  в””в”Җв”Җ вң• unmet peer typescript@"4.6.x || 4.7.x || 4.8.x || 4.9.x || 5.0.x || 5.1.x || 5.2.x || 5.3.x": found 5.8.2

apps/metro-example-host
в”ңв”Җв”¬ @typescript-eslint/eslint-plugin 7.18.0
в”Ӯ в”ңв”Җв”Җ вң• unmet peer eslint@^8.56.0: found 9.26.0
в”Ӯ в”ңв”Җв”¬ @typescript-eslint/utils 7.18.0
в”Ӯ в”Ӯ в””в”Җв”Җ вң• unmet peer eslint@^8.56.0: found 9.26.0
в”Ӯ в””в”Җв”¬ @typescript-eslint/type-utils 7.18.0
в”Ӯ   в””в”Җв”Җ вң• unmet peer eslint@^8.56.0: found 9.26.0
в”ңв”Җв”¬ @typescript-eslint/parser 7.18.0
в”Ӯ в””в”Җв”Җ вң• unmet peer eslint@^8.56.0: found 9.26.0
в””в”Җв”¬ @react-native/eslint-config 0.80.0
  в”ңв”Җв”¬ eslint-plugin-ft-flow 2.0.3
  в”Ӯ в””в”Җв”Җ вң• unmet peer eslint@^8.1.0: found 9.26.0
  в”ңв”Җв”¬ eslint-plugin-react-native 4.1.0
  в”Ӯ в””в”Җв”Җ вң• unmet peer eslint@"^3.17.0 || ^4 || ^5 || ^6 || ^7 || ^8": found 9.26.0
  в””в”Җв”¬ eslint-plugin-jest 27.9.0
    в”ңв”Җв”Җ вң• unmet peer eslint@"^7.0.0 || ^8.0.0": found 9.26.0
    в””в”Җв”¬ @typescript-eslint/utils 5.62.0
      в””в”Җв”Җ вң• unmet peer eslint@"^6.0.0 || ^7.0.0 || ^8.0.0": found 9.26.0

apps/modernjs-ssr/dynamic-nested-remote
в”ңв”Җв”¬ @modern-js/runtime 3.0.1
в”Ӯ в””в”Җв”¬ @modern-js/render 3.0.1
в”Ӯ   в””в”Җв”¬ @modern-js/utils 3.0.1
в”Ӯ     в”ңв”Җв”Җ вң• unmet peer react@^19.2.4: found 18.3.1
в”Ӯ     в””в”Җв”Җ вң• unmet peer react-dom@^19.2.4: found 18.3.1
в””в”Җв”¬ react-server-dom-webpack 19.2.4
  в”ңв”Җв”Җ вң• unmet peer react@^19.2.4: found 18.3.1
  в””в”Җв”Җ вң• unmet peer react-dom@^19.2.4: found 18.3.1

apps/modernjs-ssr/dynamic-remote-new-version
в”ңв”Җв”¬ @modern-js/runtime 3.0.1
в”Ӯ в””в”Җв”¬ @modern-js/render 3.0.1
в”Ӯ   в””в”Җв”¬ @modern-js/utils 3.0.1
в”Ӯ     в”ңв”Җв”Җ вң• unmet peer react@^19.2.4: found 18.3.1
в”Ӯ     в””в”Җв”Җ вң• unmet peer react-dom@^19.2.4: found 18.3.1
в””в”Җв”¬ react-server-dom-webpack 19.2.4
  в”ңв”Җв”Җ вң• unmet peer react@^19.2.4: found 18.3.1
  в””в”Җв”Җ вң• unmet peer react-dom@^19.2.4: found 18.3.1

apps/modernjs-ssr/host
в”ңв”Җв”¬ @modern-js/runtime 3.0.1
в”Ӯ в””в”Җв”¬ @modern-js/render 3.0.1
в”Ӯ   в””в”Җв”¬ @modern-js/utils 3.0.1
в”Ӯ     в”ңв”Җв”Җ вң• unmet peer react@^19.2.4: found 18.3.1
в”Ӯ     в””в”Җв”Җ вң• unmet peer react-dom@^19.2.4: found 18.3.1
в””в”Җв”¬ react-server-dom-webpack 19.2.4
  в”ңв”Җв”Җ вң• unmet peer react@^19.2.4: found 18.3.1
  в””в”Җв”Җ вң• unmet peer react-dom@^19.2.4: found 18.3.1

apps/modernjs-ssr/nested-remote
в”ңв”Җв”¬ @modern-js/runtime 3.0.1
в”Ӯ в””в”Җв”¬ @modern-js/render 3.0.1
в”Ӯ   в””в”Җв”¬ @modern-js/utils 3.0.1
в”Ӯ     в”ңв”Җв”Җ вң• unmet peer react@^19.2.4: found 18.3.1
в”Ӯ     в””в”Җв”Җ вң• unmet peer react-dom@^19.2.4: found 18.3.1
в””в”Җв”¬ react-server-dom-webpack 19.2.4
  в”ңв”Җв”Җ вң• unmet peer react@^19.2.4: found 18.3.1
  в””в”Җв”Җ вң• unmet peer react-dom@^19.2.4: found 18.3.1

apps/modernjs-ssr/remote
в”ңв”Җв”¬ @modern-js/runtime 3.0.1
в”Ӯ в””в”Җв”¬ @modern-js/render 3.0.1
в”Ӯ   в””в”Җв”¬ @modern-js/utils 3.0.1
в”Ӯ     в”ңв”Җв”Җ вң• unmet peer react@^19.2.4: found 18.3.1
в”Ӯ     в””в”Җв”Җ вң• unmet peer react-dom@^19.2.4: found 18.3.1
в””в”Җв”¬ react-server-dom-webpack 19.2.4
  в”ңв”Җв”Җ вң• unmet peer react@^19.2.4: found 18.3.1
  в””в”Җв”Җ вң• unmet peer react-dom@^19.2.4: found 18.3.1

apps/modernjs-ssr/remote-new-version
в”ңв”Җв”¬ @modern-js/runtime 3.0.1
в”Ӯ в””в”Җв”¬ @modern-js/render 3.0.1
в”Ӯ   в””в”Җв”¬ @modern-js/utils 3.0.1
в”Ӯ     в”ңв”Җв”Җ вң• unmet peer react@^19.2.4: found 18.3.1
в”Ӯ     в””в”Җв”Җ вң• unmet peer react-dom@^19.2.4: found 18.3.1
в””в”Җв”¬ react-server-dom-webpack 19.2.4
  в”ңв”Җв”Җ вң• unmet peer react@^19.2.4: found 18.3.1
  в””в”Җв”Җ вң• unmet peer react-dom@^19.2.4: found 18.3.1

apps/rslib-module
в”ңв”Җв”¬ storybook-builder-rsbuild 1.0.3
в”Ӯ в””в”Җв”Җ вң• unmet peer @rsbuild/core@^1.0.1: found 2.0.0-beta.3
в”ңв”Җв”¬ storybook-react-rsbuild 1.0.3
в”Ӯ в””в”Җв”Җ вң• unmet peer @rsbuild/core@^1.0.1: found 2.0.0-beta.3
в””в”Җв”¬ storybook-addon-rslib 1.0.3
  в””в”Җв”Җ вң• unmet peer @rsbuild/core@^1.0.1: found 2.0.0-beta.3

apps/shared-tree-shaking/no-server/host
в”ңв”Җв”¬ @modern-js/runtime 3.0.1
в”Ӯ в””в”Җв”¬ @modern-js/render 3.0.1
в”Ӯ   в””в”Җв”¬ @modern-js/utils 3.0.1
в”Ӯ     в”ңв”Җв”Җ вң• unmet peer react@^19.2.4: found 18.3.1
в”Ӯ     в””в”Җв”Җ вң• unmet peer react-dom@^19.2.4: found 18.3.1
в”ңв”Җв”¬ react-server-dom-webpack 19.2.4
в”Ӯ в”ңв”Җв”Җ вң• unmet peer react@^19.2.4: found 18.3.1
в”Ӯ в””в”Җв”Җ вң• unmet peer react-dom@^19.2.4: found 18.3.1
в”ңв”Җв”¬ @modern-js/app-tools 3.0.1
в”Ӯ в”ңв”Җв”Җ вң• unmet peer ts-node@^10.9.2: found 10.8.2
в”Ӯ в”ңв”Җв”Җ вң• unmet peer tsconfig-paths@^4.2.0: found 3.14.2
в”Ӯ в””в”Җв”¬ @modern-js/server 3.0.1
в”Ӯ   в””в”Җв”Җ вң• unmet peer ts-node@^10.9.2: found 10.8.2
в””в”Җв”¬ @modern-js/plugin-server 2.68.0
  в””в”Җв”¬ @modern-js/server-utils 2.68.0
    в””в”Җв”¬ @modern-js/babel-preset 2.68.0
      в””в”Җв”¬ @rsbuild/plugin-babel 1.0.5
        в””в”Җв”Җ вң• unmet peer @rsbuild/core@1.x: found 2.0.0-beta.3

apps/shared-tree-shaking/no-server/provider
в”ңв”Җв”¬ @modern-js/runtime 3.0.1
в”Ӯ в””в”Җв”¬ @modern-js/render 3.0.1
в”Ӯ   в””в”Җв”¬ @modern-js/utils 3.0.1
в”Ӯ     в”ңв”Җв”Җ вң• unmet peer react@^19.2.4: found 18.3.1
в”Ӯ     в””в”Җв”Җ вң• unmet peer react-dom@^19.2.4: found 18.3.1
в””в”Җв”¬ react-server-dom-webpack 19.2.4
  в”ңв”Җв”Җ вң• unmet peer react@^19.2.4: found 18.3.1
  в””в”Җв”Җ вң• unmet peer react-dom@^19.2.4: found 18.3.1

apps/shared-tree-shaking/with-server/host
в”ңв”Җв”¬ @modern-js/runtime 3.0.1
в”Ӯ в””в”Җв”¬ @modern-js/render 3.0.1
в”Ӯ   в””в”Җв”¬ @modern-js/utils 3.0.1
в”Ӯ     в”ңв”Җв”Җ вң• unmet peer react@^19.2.4: found 18.3.1
в”Ӯ     в””в”Җв”Җ вң• unmet peer react-dom@^19.2.4: found 18.3.1
в”ңв”Җв”¬ react-server-dom-webpack 19.2.4
в”Ӯ в”ңв”Җв”Җ вң• unmet peer react@^19.2.4: found 18.3.1
в”Ӯ в””в”Җв”Җ вң• unmet peer react-dom@^19.2.4: found 18.3.1
в””в”Җв”¬ @modern-js/app-tools 3.0.1
  в”ңв”Җв”Җ вң• unmet peer ts-node@^10.9.2: found 10.8.2
  в”ңв”Җв”Җ вң• unmet peer tsconfig-paths@^4.2.0: found 3.14.2
  в””в”Җв”¬ @modern-js/server 3.0.1
    в””в”Җв”Җ вң• unmet peer ts-node@^10.9.2: found 10.8.2

apps/shared-tree-shaking/with-server/provider
в”ңв”Җв”¬ @modern-js/runtime 3.0.1
в”Ӯ в””в”Җв”¬ @modern-js/render 3.0.1
в”Ӯ   в””в”Җв”¬ @modern-js/utils 3.0.1
в”Ӯ     в”ңв”Җв”Җ вң• unmet peer react@^19.2.4: found 18.3.1
в”Ӯ     в””в”Җв”Җ вң• unmet peer react-dom@^19.2.4: found 18.3.1
в””в”Җв”¬ react-server-dom-webpack 19.2.4
  в”ңв”Җв”Җ вң• unmet peer react@^19.2.4: found 18.3.1
  в””в”Җв”Җ вң• unmet peer react-dom@^19.2.4: found 18.3.1

apps/website-new
в””в”Җв”¬ framer-motion 10.18.0
  в”ңв”Җв”Җ вң• unmet peer react@^18.0.0: found 19.1.1
  в””в”Җв”Җ вң• unmet peer react-dom@^18.0.0: found 19.1.1

packages/chrome-devtools
в”ңв”Җв”¬ @modern-js/runtime 2.70.2
в”Ӯ в”ңв”Җв”¬ @loadable/component 5.15.3
в”Ӯ в”Ӯ в””в”Җв”Җ вң• unmet peer react@"^16.3.0 || ^17.0.0 || ^18.0.0": found 19.2.4
в”Ӯ в”ңв”Җв”¬ @loadable/server 5.15.3
в”Ӯ в”Ӯ в””в”Җв”Җ вң• unmet peer react@"^16.3.0 || ^17.0.0 || ^18.0.0": found 19.2.4
в”Ӯ в””в”Җв”¬ react-helmet 6.1.0
в”Ӯ   в””в”Җв”¬ react-side-effect 2.1.2
в”Ӯ     в””в”Җв”Җ вң• unmet peer react@"^16.3.0 || ^17.0.0 || ^18.0.0": found 19.2.4
в”ңв”Җв”¬ @modern-js/storybook 2.70.2
в”Ӯ в”ңв”Җв”¬ @modern-js/storybook-builder 2.70.2
в”Ӯ в”Ӯ в”ңв”Җв”¬ @modern-js/plugin-state 2.70.2
в”Ӯ в”Ӯ в”Ӯ в””в”Җв”¬ @modern-js-reduck/react 1.1.13
в”Ӯ в”Ӯ в”Ӯ   в”ңв”Җв”Җ вң• unmet peer react@"^16.8 || ^17.0 || ^18.0": found 19.2.4
в”Ӯ в”Ӯ в”Ӯ   в”ңв”Җв”Җ вң• unmet peer @types/react@"^16.8 || ^17.0 || ^18.0": found 19.2.10
в”Ӯ в”Ӯ в”Ӯ   в”ңв”Җв”Җ вң• unmet peer @types/react-dom@"^16.8 || ^17.0 || ^18.0": found 19.2.3
в”Ӯ в”Ӯ в”Ӯ   в””в”Җв”Җ вң• unmet peer react-dom@"^16.8 || ^17.0 || ^18.0": found 19.2.4
в”Ӯ в”Ӯ в”ңв”Җв”¬ @storybook/mdx1-csf 1.0.0
в”Ӯ в”Ӯ в”Ӯ в””в”Җв”¬ @mdx-js/react 1.6.22
в”Ӯ в”Ӯ в”Ӯ   в””в”Җв”Җ вң• unmet peer react@"^16.13.1 || ^17.0.0": found 19.2.4
в”Ӯ в”Ӯ в”ңв”Җв”¬ @storybook/theming 7.6.21
в”Ӯ в”Ӯ в”Ӯ в”ңв”Җв”Җ вң• unmet peer react@"^16.8.0 || ^17.0.0 || ^18.0.0": found 19.2.4
в”Ӯ в”Ӯ в”Ӯ в””в”Җв”Җ вң• unmet peer react-dom@"^16.8.0 || ^17.0.0 || ^18.0.0": found 19.2.4
в”Ӯ в”Ӯ в””в”Җв”¬ @storybook/components 7.6.21
в”Ӯ в”Ӯ   в”ңв”Җв”Җ вң• unmet peer react@"^16.8.0 || ^17.0.0 || ^18.0.0": found 19.2.4
в”Ӯ в”Ӯ   в”ңв”Җв”Җ вң• unmet peer react-dom@"^16.8.0 || ^17.0.0 || ^18.0.0": found 19.2.4
в”Ӯ в”Ӯ   в”ңв”Җв”¬ use-resize-observer 9.1.0
в”Ӯ в”Ӯ   в”Ӯ в”ңв”Җв”Җ вң• unmet peer react@"16.8.0 - 18": found 19.2.4
в”Ӯ в”Ӯ   в”Ӯ в””в”Җв”Җ вң• unmet peer react-dom@"16.8.0 - 18": found 19.2.4
в”Ӯ в”Ӯ   в””в”Җв”¬ @radix-ui/react-select 1.2.2
в”Ӯ в”Ӯ     в”ңв”Җв”Җ вң• unmet peer react@"^16.8 || ^17.0 || ^18.0": found 19.2.4
в”Ӯ в”Ӯ     в”ңв”Җв”Җ вң• unmet peer react-dom@"^16.8 || ^17.0 || ^18.0": found 19.2.4
в”Ӯ в”Ӯ     в”ңв”Җв”¬ @radix-ui/react-id 1.0.1
в”Ӯ в”Ӯ     в”Ӯ в”ңв”Җв”Җ вң• unmet peer react@"^16.8 || ^17.0 || ^18.0": found 19.2.4
в”Ӯ в”Ӯ     в”Ӯ в””в”Җв”¬ @radix-ui/react-use-layout-effect 1.0.1
в”Ӯ в”Ӯ     в”Ӯ   в””в”Җв”Җ вң• unmet peer react@"^16.8 || ^17.0 || ^18.0": found 19.2.4
в”Ӯ в”Ӯ     в”ңв”Җв”¬ react-remove-scroll 2.5.5
в”Ӯ в”Ӯ     в”Ӯ в”ңв”Җв”Җ вң• unmet peer react@"^16.8.0 || ^17.0.0 || ^18.0.0": found 19.2.4
в”Ӯ в”Ӯ     в”Ӯ в””в”Җв”Җ вң• unmet peer @types/react@"^16.8.0 || ^17.0.0 || ^18.0.0": found 19.2.10
в”Ӯ в”Ӯ     в”ңв”Җв”¬ @radix-ui/react-context 1.0.1
в”Ӯ в”Ӯ     в”Ӯ в””в”Җв”Җ вң• unmet peer react@"^16.8 || ^17.0 || ^18.0": found 19.2.4
в”Ӯ в”Ӯ     в”ңв”Җв”¬ @radix-ui/react-slot 1.0.2
в”Ӯ в”Ӯ     в”Ӯ в”ңв”Җв”Җ вң• unmet peer react@"^16.8 || ^17.0 || ^18.0": found 19.2.4
в”Ӯ в”Ӯ     в”Ӯ в””в”Җв”¬ @radix-ui/react-compose-refs 1.0.1
в”Ӯ в”Ӯ     в”Ӯ   в””в”Җв”Җ вң• unmet peer react@"^16.8 || ^17.0 || ^18.0": found 19.2.4
в”Ӯ в”Ӯ     в”ңв”Җв”¬ @radix-ui/react-primitive 1.0.3
в”Ӯ в”Ӯ     в”Ӯ в”ңв”Җв”Җ вң• unmet peer react@"^16.8 || ^17.0 || ^18.0": found 19.2.4
в”Ӯ в”Ӯ     в”Ӯ в””в”Җв”Җ вң• unmet peer react-dom@"^16.8 || ^17.0 || ^18.0": found 19.2.4
в”Ӯ в”Ӯ     в”ңв”Җв”¬ @radix-ui/react-focus-guards 1.0.1
в”Ӯ в”Ӯ     в”Ӯ в””в”Җв”Җ вң• unmet peer react@"^16.8 || ^17.0 || ^18.0": found 19.2.4
в”Ӯ в”Ӯ     в”ңв”Җв”¬ @radix-ui/react-use-callback-ref 1.0.1
в”Ӯ в”Ӯ     в”Ӯ в””в”Җв”Җ вң• unmet peer react@"^16.8 || ^17.0 || ^18.0": found 19.2.4
в”Ӯ в”Ӯ     в”ңв”Җв”¬ @radix-ui/react-use-controllable-state 1.0.1
в”Ӯ в”Ӯ     в”Ӯ в””в”Җв”Җ вң• unmet peer react@"^16.8 || ^17.0 || ^18.0": found 19.2.4
в”Ӯ в”Ӯ     в”ңв”Җв”¬ @radix-ui/react-popper 1.1.2
в”Ӯ в”Ӯ     в”Ӯ в”ңв”Җв”Җ вң• unmet peer react@"^16.8 || ^17.0 || ^18.0": found 19.2.4
в”Ӯ в”Ӯ     в”Ӯ в”ңв”Җв”Җ вң• unmet peer react-dom@"^16.8 || ^17.0 || ^18.0": found 19.2.4
в”Ӯ в”Ӯ     в”Ӯ в”ңв”Җв”¬ @radix-ui/react-arrow 1.0.3
в”Ӯ в”Ӯ     в”Ӯ в”Ӯ в”ңв”Җв”Җ вң• unmet peer react@"^16.8 || ^17.0 || ^18.0": found 19.2.4
в”Ӯ в”Ӯ     в”Ӯ в”Ӯ в””в”Җв”Җ вң• unmet peer react-dom@"^16.8 || ^17.0 || ^18.0": found 19.2.4
в”Ӯ в”Ӯ     в”Ӯ в”ңв”Җв”¬ @radix-ui/react-use-rect 1.0.1
в”Ӯ в”Ӯ     в”Ӯ в”Ӯ в””в”Җв”Җ вң• unmet peer react@"^16.8 || ^17.0 || ^18.0": found 19.2.4
в”Ӯ в”Ӯ     в”Ӯ в””в”Җв”¬ @radix-ui/react-use-size 1.0.1
в”Ӯ в”Ӯ     в”Ӯ   в””в”Җв”Җ вң• unmet peer react@"^16.8 || ^17.0 || ^18.0": found 19.2.4
в”Ӯ в”Ӯ     в”ңв”Җв”¬ @radix-ui/react-portal 1.0.3
в”Ӯ в”Ӯ     в”Ӯ в”ңв”Җв”Җ вң• unmet peer react@"^16.8 || ^17.0 || ^18.0": found 19.2.4
в”Ӯ в”Ӯ     в”Ӯ в””в”Җв”Җ вң• unmet peer react-dom@"^16.8 || ^17.0 || ^18.0": found 19.2.4
в”Ӯ в”Ӯ     в”ңв”Җв”¬ @radix-ui/react-direction 1.0.1
в”Ӯ в”Ӯ     в”Ӯ в””в”Җв”Җ вң• unmet peer react@"^16.8 || ^17.0 || ^18.0": found 19.2.4
в”Ӯ в”Ӯ     в”ңв”Җв”¬ @radix-ui/react-focus-scope 1.0.3
в”Ӯ в”Ӯ     в”Ӯ в”ңв”Җв”Җ вң• unmet peer react@"^16.8 || ^17.0 || ^18.0": found 19.2.4
в”Ӯ в”Ӯ     в”Ӯ в””в”Җв”Җ вң• unmet peer react-dom@"^16.8 || ^17.0 || ^18.0": found 19.2.4
в”Ӯ в”Ӯ     в”ңв”Җв”¬ @radix-ui/react-visually-hidden 1.0.3
в”Ӯ в”Ӯ     в”Ӯ в”ңв”Җв”Җ вң• unmet peer react@"^16.8 || ^17.0 || ^18.0": found 19.2.4
в”Ӯ в”Ӯ     в”Ӯ в””в”Җв”Җ вң• unmet peer react-dom@"^16.8 || ^17.0 || ^18.0": found 19.2.4
в”Ӯ в”Ӯ     в”ңв”Җв”¬ @radix-ui/react-dismissable-layer 1.0.4
в”Ӯ в”Ӯ     в”Ӯ в”ңв”Җв”Җ вң• unmet peer react@"^16.8 || ^17.0 || ^18.0": found 19.2.4
в”Ӯ в”Ӯ     в”Ӯ в”ңв”Җв”Җ вң• unmet peer react-dom@"^16.8 || ^17.0 || ^18.0": found 19.2.4
в”Ӯ в”Ӯ     в”Ӯ в””в”Җв”¬ @radix-ui/react-use-escape-keydown 1.0.3
в”Ӯ в”Ӯ     в”Ӯ   в””в”Җв”Җ вң• unmet peer react@"^16.8 || ^17.0 || ^18.0": found 19.2.4
в”Ӯ в”Ӯ     в”ңв”Җв”¬ @radix-ui/react-collection 1.0.3
в”Ӯ в”Ӯ     в”Ӯ в”ңв”Җв”Җ вң• unmet peer react@"^16.8 || ^17.0 || ^18.0": found 19.2.4
в”Ӯ в”Ӯ     в”Ӯ в””в”Җв”Җ вң• unmet peer react-dom@"^16.8 || ^17.0 || ^18.0": found 19.2.4
в”Ӯ в”Ӯ     в””в”Җв”¬ @radix-ui/react-use-previous 1.0.1
в”Ӯ в”Ӯ       в””в”Җв”Җ вң• unmet peer react@"^16.8 || ^17.0 || ^18.0": found 19.2.4
в”Ӯ в””в”Җв”¬ @storybook/react 7.6.21
в”Ӯ   в”ңв”Җв”Җ вң• unmet peer react@"^16.8.0 || ^17.0.0 || ^18.0.0": found 19.2.4
в”Ӯ   в”ңв”Җв”Җ вң• unmet peer react-dom@"^16.8.0 || ^17.0.0 || ^18.0.0": found 19.2.4
в”Ӯ   в”ңв”Җв”¬ react-element-to-jsx-string 15.0.0
в”Ӯ   в”Ӯ в”ңв”Җв”Җ вң• unmet peer react@"^0.14.8 || ^15.0.1 || ^16.0.0 || ^17.0.1 || ^18.0.0": found 19.2.4
в”Ӯ   в”Ӯ в””в”Җв”Җ вң• unmet peer react-dom@"^0.14.8 || ^15.0.1 || ^16.0.0 || ^17.0.1 || ^18.0.0": found 19.2.4
в”Ӯ   в””в”Җв”¬ @storybook/react-dom-shim 7.6.21
в”Ӯ     в”ңв”Җв”Җ вң• unmet peer react@"^16.8.0 || ^17.0.0 || ^18.0.0": found 19.2.4
в”Ӯ     в””в”Җв”Җ вң• unmet peer react-dom@"^16.8.0 || ^17.0.0 || ^18.0.0": found 19.2.4
в”ңв”Җв”¬ lucide-react 0.364.0
в”Ӯ в””в”Җв”Җ вң• unmet peer react@"^16.5.1 || ^17.0.0 || ^18.0.0": found 19.2.4
в”ңв”Җв”¬ @typescript-eslint/parser 5.62.0
в”Ӯ в””в”Җв”Җ вң• unmet peer eslint@"^6.0.0 || ^7.0.0 || ^8.0.0": found 9.39.3
в””в”Җв”¬ @vitest/ui 1.6.0
  в””в”Җв”Җ вң• unmet peer vitest@1.6.0: found 1.2.2

packages/data-prefetch
в””в”Җв”¬ @testing-library/react-hooks 8.0.1
  в”ңв”Җв”Җ вң• unmet peer react@"^16.9.0 || ^17.0.0": found 18.3.1
  в”ңв”Җв”Җ вң• unmet peer react-dom@"^16.9.0 || ^17.0.0": found 18.3.1
  в”ңв”Җв”Җ вң• unmet peer @types/react@"^16.9.0 || ^17.0.0": found 18.0.38
  в””в”Җв”Җ вң• unmet peer react-test-renderer@"^16.9.0 || ^17.0.0": found 18.3.1

packages/modernjs
в””в”Җв”¬ @modern-js/runtime 2.70.5
  в””в”Җв”¬ react-helmet-async 2.0.5
    в””в”Җв”Җ вң• unmet peer react@"^16.6.0 || ^17.0.0 || ^18.0.0": found 19.2.4

packages/native-federation-tests
в””в”Җв”¬ tsdown 0.20.3
  в””в”Җв”¬ rolldown-plugin-dts 0.22.3
    в””в”Җв”Җ вң• unmet peer vue-tsc@~3.2.0: found 2.2.12

packages/treeshake-frontend
в””в”Җв”¬ react-day-picker 8.10.1
  в””в”Җв”Җ вң• unmet peer date-fns@"^2.28.0 || ^3.0.0": found 4.1.0

Packages: +61 -29
++++++++++++++++++++++++++++++++++++++++++++++++++++++--------------------------
packages/assemble-release-plan postinstall$ preconstruct dev
packages/assemble-release-plan postinstall: рҹҺҒ info project is valid!
packages/assemble-release-plan postinstall: рҹҺҒ success created links!
packages/assemble-release-plan postinstall: Done
. prepare$ husky install
. prepare: husky - Git hooks installed
. prepare: Done
Done in 16.5s using pnpm v10.28.0
[chore/optimize-apps 09fb6acdc] chore: upgrade jiti to latest version
 3 files changed, 460 insertions(+), 156 deletions(-)
 create mode 100644 .aiden/tmp/tool-output/Bash-stdout-1773015818619-5d112cad-8669-45b0-83c2-b571a558a346.log