WARN  Unsupported engine: wanted: {"node":"^20"} (current: {"node":"v22.18.0","pnpm":"10.28.0"})
Progress: resolved 1, reused 0, downloaded 0, added 0
 WARN  deprecated lodash.get@4.4.2: This package is deprecated. Use the optional chaining (?.) operator instead.
packages/create-module-federation        |  WARN  deprecated glob@7.2.0
apps/shared-tree-shaking/no-server/host  |  WARN  deprecated rimraf@3.0.2
Progress: resolved 216, reused 0, downloaded 0, added 0
 WARN  deprecated tsup@7.3.0: Breaking node 16
 WARN  deprecated glob@11.1.0: Old versions of glob are not supported, and contain widely publicized security vulnerabilities, which have been fixed in the current version. Please update. Support for old versions may be purchased (at exorbitant rates) by contacting i@izs.me
packages/esbuild                         |  WARN  deprecated @rslib/core@0.12.4
Progress: resolved 283, reused 0, downloaded 0, added 0
packages/esbuild                         |  WARN  deprecated npmlog@7.0.1
packages/typescript                      |  WARN  deprecated next@14.2.16
Progress: resolved 365, reused 0, downloaded 0, added 0
Progress: resolved 397, reused 0, downloaded 0, added 0
Progress: resolved 424, reused 0, downloaded 0, added 0
Progress: resolved 458, reused 0, downloaded 0, added 0
Progress: resolved 1447, reused 0, downloaded 0, added 0
Progress: resolved 1823, reused 0, downloaded 0, added 0
Progress: resolved 2307, reused 0, downloaded 0, added 0
Progress: resolved 2594, reused 0, downloaded 0, added 0
Progress: resolved 2753, reused 0, downloaded 0, added 0
Progress: resolved 3220, reused 0, downloaded 0, added 0
Progress: resolved 3571, reused 0, downloaded 0, added 0
Progress: resolved 3850, reused 0, downloaded 0, added 0
Progress: resolved 4096, reused 0, downloaded 0, added 0
Progress: resolved 4465, reused 0, downloaded 0, added 0
Progress: resolved 4787, reused 0, downloaded 0, added 0
Progress: resolved 4813, reused 0, downloaded 0, added 0
Progress: resolved 4824, reused 0, downloaded 0, added 0
Progress: resolved 4825, reused 0, downloaded 0, added 0
Progress: resolved 4843, reused 0, downloaded 0, added 0
Progress: resolved 4869, reused 0, downloaded 0, added 0
Progress: resolved 4885, reused 0, downloaded 0, added 0
 WARN  43 deprecated subdependencies found: @babel/plugin-proposal-object-rest-spread@7.12.1, @dinero.js/calculator-number@2.0.0-alpha.10, @dinero.js/core@2.0.0-alpha.10, @dinero.js/currencies@2.0.0-alpha.10, @humanwhocodes/config-array@0.13.0, @humanwhocodes/object-schema@2.0.3, abab@2.0.6, are-we-there-yet@2.0.0, are-we-there-yet@4.0.2, debug@4.1.1, domexception@4.0.0, eslint@8.57.1, fsevents@1.2.13, gauge@3.0.2, gauge@5.0.2, git-raw-commits@4.0.0, glob@10.5.0, glob@7.1.6, glob@7.2.3, glob@8.1.0, glob@9.3.5, inflight@1.0.6, intersection-observer@0.12.2, node-domexception@1.0.0, npmlog@5.0.1, opn@6.0.0, path-match@1.2.4, resolve-url@0.2.1, rimraf@2.6.3, rimraf@2.7.1, source-map-resolve@0.5.3, source-map-url@0.4.1, source-map@0.8.0-beta.0, sourcemap-codec@1.4.8, stable@0.1.8, tar@4.4.18, tar@6.2.1, tar@7.5.7, trim@0.0.1, urix@0.1.0, uuid@3.3.2, uuid@3.4.0, whatwg-encoding@2.0.0
Progress: resolved 4896, reused 0, downloaded 0, added 0
Progress: resolved 4896, reused 0, downloaded 0, added 0, done
 WARN  Issues with peer dependencies found
.
├─┬ @nx/vite 21.2.3
│ └── ✕ unmet peer vite@"^5.0.0 || ^6.0.0": found 7.3.1
├─┬ @swc-node/register 1.10.10
│ └─┬ @swc-node/core 1.14.1
│   └── ✕ unmet peer @swc/core@">= 1.13.3": found 1.7.26
├─┬ next 14.2.35
│ ├── ✕ unmet peer react@^18.2.0: found 19.2.4
│ └── ✕ unmet peer react-dom@^18.2.0: found 19.2.4
├─┬ file-loader 6.2.0
│ └─┬ schema-utils 3.3.0
│   └─┬ ajv-keywords 3.5.2
│     └── ✕ unmet peer ajv@8.18.0: found 6.14.0
├─┬ @commitlint/cz-commitlint 19.5.0
│ └── ✕ unmet peer inquirer@^9.0.0: found 8.2.7
├─┬ @nx/rspack 21.2.3
│ └── ✕ unmet peer @module-federation/enhanced@^0.15.0: found 2.1.0
├─┬ @storybook/addon-docs 9.0.17
│ ├── ✕ unmet peer storybook@^9.0.17: found 8.6.17
│ ├─┬ @storybook/csf-plugin 9.0.17
│ │ └── ✕ unmet peer storybook@^9.0.17: found 8.6.17
│ └─┬ @storybook/react-dom-shim 9.0.17
│   └── ✕ unmet peer storybook@^9.0.17: found 8.6.17
├─┬ @storybook/nextjs 9.0.9
│ ├── ✕ unmet peer storybook@^9.0.9: found 8.6.17
│ ├─┬ @storybook/react 9.0.9
│ │ ├── ✕ unmet peer storybook@^9.0.9: found 8.6.17
│ │ └─┬ @storybook/react-dom-shim 9.0.9
│ │   └── ✕ unmet peer storybook@^9.0.9: found 8.6.17
│ ├─┬ @storybook/preset-react-webpack 9.0.9
│ │ ├── ✕ unmet peer storybook@^9.0.9: found 8.6.17
│ │ └─┬ @storybook/core-webpack 9.0.9
│ │   └── ✕ unmet peer storybook@^9.0.9: found 8.6.17
│ └─┬ @storybook/builder-webpack5 9.0.9
│   └── ✕ unmet peer storybook@^9.0.9: found 8.6.17
├─┬ eslint-plugin-storybook 9.0.9
│ └── ✕ unmet peer storybook@^9.0.9: found 8.6.17
├─┬ tsdown 0.20.3
│ └─┬ rolldown-plugin-dts 0.22.3
│   └── ✕ unmet peer vue-tsc@~3.2.0: found 2.2.12
└─┬ typedoc 0.25.8
  └── ✕ unmet peer typescript@"4.6.x || 4.7.x || 4.8.x || 4.9.x || 5.0.x || 5.1.x || 5.2.x || 5.3.x": found 5.8.2

apps/metro-example-host
├─┬ @typescript-eslint/parser 7.18.0
│ └── ✕ unmet peer eslint@^8.56.0: found 9.26.0
├─┬ @typescript-eslint/eslint-plugin 7.18.0
│ ├── ✕ unmet peer eslint@^8.56.0: found 9.26.0
│ ├─┬ @typescript-eslint/utils 7.18.0
│ │ └── ✕ unmet peer eslint@^8.56.0: found 9.26.0
│ └─┬ @typescript-eslint/type-utils 7.18.0
│   └── ✕ unmet peer eslint@^8.56.0: found 9.26.0
└─┬ @react-native/eslint-config 0.80.0
  ├─┬ eslint-plugin-ft-flow 2.0.3
  │ └── ✕ unmet peer eslint@^8.1.0: found 9.26.0
  ├─┬ eslint-plugin-react-native 4.1.0
  │ └── ✕ unmet peer eslint@"^3.17.0 || ^4 || ^5 || ^6 || ^7 || ^8": found 9.26.0
  └─┬ eslint-plugin-jest 27.9.0
    ├── ✕ unmet peer eslint@"^7.0.0 || ^8.0.0": found 9.26.0
    └─┬ @typescript-eslint/utils 5.62.0
      └── ✕ unmet peer eslint@"^6.0.0 || ^7.0.0 || ^8.0.0": found 9.26.0

apps/modernjs-ssr/dynamic-nested-remote
├─┬ @modern-js/runtime 3.0.1
│ └─┬ @modern-js/utils 3.0.1
│   ├── ✕ unmet peer react@^19.2.4: found 18.3.1
│   └── ✕ unmet peer react-dom@^19.2.4: found 18.3.1
└─┬ react-server-dom-webpack 19.2.4
  ├── ✕ unmet peer react@^19.2.4: found 18.3.1
  └── ✕ unmet peer react-dom@^19.2.4: found 18.3.1

apps/modernjs-ssr/dynamic-remote-new-version
├─┬ @modern-js/runtime 3.0.1
│ └─┬ @modern-js/utils 3.0.1
│   ├── ✕ unmet peer react@^19.2.4: found 18.3.1
│   └── ✕ unmet peer react-dom@^19.2.4: found 18.3.1
└─┬ react-server-dom-webpack 19.2.4
  ├── ✕ unmet peer react@^19.2.4: found 18.3.1
  └── ✕ unmet peer react-dom@^19.2.4: found 18.3.1

apps/modernjs-ssr/host
├─┬ @modern-js/runtime 3.0.1
│ └─┬ @modern-js/utils 3.0.1
│   ├── ✕ unmet peer react@^19.2.4: found 18.3.1
│   └── ✕ unmet peer react-dom@^19.2.4: found 18.3.1
└─┬ react-server-dom-webpack 19.2.4
  ├── ✕ unmet peer react@^19.2.4: found 18.3.1
  └── ✕ unmet peer react-dom@^19.2.4: found 18.3.1

apps/modernjs-ssr/nested-remote
├─┬ @modern-js/runtime 3.0.1
│ └─┬ @modern-js/utils 3.0.1
│   ├── ✕ unmet peer react@^19.2.4: found 18.3.1
│   └── ✕ unmet peer react-dom@^19.2.4: found 18.3.1
└─┬ react-server-dom-webpack 19.2.4
  ├── ✕ unmet peer react@^19.2.4: found 18.3.1
  └── ✕ unmet peer react-dom@^19.2.4: found 18.3.1

apps/modernjs-ssr/remote
├─┬ @modern-js/runtime 3.0.1
│ └─┬ @modern-js/utils 3.0.1
│   ├── ✕ unmet peer react@^19.2.4: found 18.3.1
│   └── ✕ unmet peer react-dom@^19.2.4: found 18.3.1
└─┬ react-server-dom-webpack 19.2.4
  ├── ✕ unmet peer react@^19.2.4: found 18.3.1
  └── ✕ unmet peer react-dom@^19.2.4: found 18.3.1

apps/modernjs-ssr/remote-new-version
├─┬ @modern-js/runtime 3.0.1
│ └─┬ @modern-js/utils 3.0.1
│   ├── ✕ unmet peer react@^19.2.4: found 18.3.1
│   └── ✕ unmet peer react-dom@^19.2.4: found 18.3.1
└─┬ react-server-dom-webpack 19.2.4
  ├── ✕ unmet peer react@^19.2.4: found 18.3.1
  └── ✕ unmet peer react-dom@^19.2.4: found 18.3.1

apps/rslib-module
├─┬ storybook-builder-rsbuild 1.0.3
│ └── ✕ unmet peer @rsbuild/core@^1.0.1: found 2.0.0-beta.3
├─┬ storybook-react-rsbuild 1.0.3
│ └── ✕ unmet peer @rsbuild/core@^1.0.1: found 2.0.0-beta.3
└─┬ storybook-addon-rslib 1.0.3
  └── ✕ unmet peer @rsbuild/core@^1.0.1: found 2.0.0-beta.3

apps/shared-tree-shaking/no-server/host
├─┬ @modern-js/runtime 3.0.1
│ └─┬ @modern-js/utils 3.0.1
│   ├── ✕ unmet peer react@^19.2.4: found 18.3.1
│   └── ✕ unmet peer react-dom@^19.2.4: found 18.3.1
├─┬ react-server-dom-webpack 19.2.4
│ ├── ✕ unmet peer react@^19.2.4: found 18.3.1
│ └── ✕ unmet peer react-dom@^19.2.4: found 18.3.1
├─┬ @modern-js/app-tools 3.0.1
│ ├── ✕ unmet peer ts-node@^10.9.2: found 10.8.2
│ ├── ✕ unmet peer tsconfig-paths@^4.2.0: found 3.14.2
│ └─┬ @modern-js/server 3.0.1
│   └── ✕ unmet peer ts-node@^10.9.2: found 10.8.2
└─┬ @modern-js/plugin-server 2.68.0
  └─┬ @modern-js/server-utils 2.68.0
    └─┬ @modern-js/babel-preset 2.68.0
      └─┬ @rsbuild/plugin-babel 1.0.5
        └── ✕ unmet peer @rsbuild/core@1.x: found 2.0.0-beta.3

apps/shared-tree-shaking/no-server/provider
├─┬ @modern-js/runtime 3.0.1
│ └─┬ @modern-js/utils 3.0.1
│   ├── ✕ unmet peer react@^19.2.4: found 18.3.1
│   └── ✕ unmet peer react-dom@^19.2.4: found 18.3.1
└─┬ react-server-dom-webpack 19.2.4
  ├── ✕ unmet peer react@^19.2.4: found 18.3.1
  └── ✕ unmet peer react-dom@^19.2.4: found 18.3.1

apps/shared-tree-shaking/with-server/host
├─┬ @modern-js/runtime 3.0.1
│ └─┬ @modern-js/utils 3.0.1
│   ├── ✕ unmet peer react@^19.2.4: found 18.3.1
│   └── ✕ unmet peer react-dom@^19.2.4: found 18.3.1
├─┬ react-server-dom-webpack 19.2.4
│ ├── ✕ unmet peer react@^19.2.4: found 18.3.1
│ └── ✕ unmet peer react-dom@^19.2.4: found 18.3.1
└─┬ @modern-js/app-tools 3.0.1
  ├── ✕ unmet peer ts-node@^10.9.2: found 10.8.2
  ├── ✕ unmet peer tsconfig-paths@^4.2.0: found 3.14.2
  └─┬ @modern-js/server 3.0.1
    └── ✕ unmet peer ts-node@^10.9.2: found 10.8.2

apps/shared-tree-shaking/with-server/provider
├─┬ @modern-js/runtime 3.0.1
│ └─┬ @modern-js/utils 3.0.1
│   ├── ✕ unmet peer react@^19.2.4: found 18.3.1
│   └── ✕ unmet peer react-dom@^19.2.4: found 18.3.1
└─┬ react-server-dom-webpack 19.2.4
  ├── ✕ unmet peer react@^19.2.4: found 18.3.1
  └── ✕ unmet peer react-dom@^19.2.4: found 18.3.1

apps/website-new
└─┬ framer-motion 10.18.0
  ├── ✕ unmet peer react@^18.0.0: found 19.1.1
  └── ✕ unmet peer react-dom@^18.0.0: found 19.1.1

packages/chrome-devtools
├─┬ @modern-js/runtime 2.70.2
│ ├─┬ @loadable/component 5.15.3
│ │ └── ✕ unmet peer react@"^16.3.0 || ^17.0.0 || ^18.0.0": found 19.2.4
│ ├─┬ @loadable/server 5.15.3
│ │ └── ✕ unmet peer react@"^16.3.0 || ^17.0.0 || ^18.0.0": found 19.2.4
│ └─┬ react-helmet 6.1.0
│   └─┬ react-side-effect 2.1.2
│     └── ✕ unmet peer react@"^16.3.0 || ^17.0.0 || ^18.0.0": found 19.2.4
├─┬ @modern-js/storybook 2.70.2
│ ├─┬ @storybook/react 7.6.21
│ │ ├── ✕ unmet peer react@"^16.8.0 || ^17.0.0 || ^18.0.0": found 19.2.4
│ │ ├── ✕ unmet peer react-dom@"^16.8.0 || ^17.0.0 || ^18.0.0": found 19.2.4
│ │ ├─┬ @storybook/react-dom-shim 7.6.21
│ │ │ ├── ✕ unmet peer react@"^16.8.0 || ^17.0.0 || ^18.0.0": found 19.2.4
│ │ │ └── ✕ unmet peer react-dom@"^16.8.0 || ^17.0.0 || ^18.0.0": found 19.2.4
│ │ └─┬ react-element-to-jsx-string 15.0.0
│ │   ├── ✕ unmet peer react@"^0.14.8 || ^15.0.1 || ^16.0.0 || ^17.0.1 || ^18.0.0": found 19.2.4
│ │   └── ✕ unmet peer react-dom@"^0.14.8 || ^15.0.1 || ^16.0.0 || ^17.0.1 || ^18.0.0": found 19.2.4
│ └─┬ @modern-js/storybook-builder 2.70.2
│   ├─┬ @modern-js/plugin-state 2.70.2
│   │ └─┬ @modern-js-reduck/react 1.1.13
│   │   ├── ✕ unmet peer react@"^16.8 || ^17.0 || ^18.0": found 19.2.4
│   │   ├── ✕ unmet peer react-dom@"^16.8 || ^17.0 || ^18.0": found 19.2.4
│   │   ├── ✕ unmet peer @types/react@"^16.8 || ^17.0 || ^18.0": found 19.2.10
│   │   └── ✕ unmet peer @types/react-dom@"^16.8 || ^17.0 || ^18.0": found 19.2.3
│   ├─┬ @storybook/theming 7.6.21
│   │ ├── ✕ unmet peer react@"^16.8.0 || ^17.0.0 || ^18.0.0": found 19.2.4
│   │ └── ✕ unmet peer react-dom@"^16.8.0 || ^17.0.0 || ^18.0.0": found 19.2.4
│   ├─┬ @storybook/mdx1-csf 1.0.0
│   │ └─┬ @mdx-js/react 1.6.22
│   │   └── ✕ unmet peer react@"^16.13.1 || ^17.0.0": found 19.2.4
│   └─┬ @storybook/components 7.6.21
│     ├── ✕ unmet peer react@"^16.8.0 || ^17.0.0 || ^18.0.0": found 19.2.4
│     ├── ✕ unmet peer react-dom@"^16.8.0 || ^17.0.0 || ^18.0.0": found 19.2.4
│     ├─┬ use-resize-observer 9.1.0
│     │ ├── ✕ unmet peer react@"16.8.0 - 18": found 19.2.4
│     │ └── ✕ unmet peer react-dom@"16.8.0 - 18": found 19.2.4
│     └─┬ @radix-ui/react-select 1.2.2
│       ├── ✕ unmet peer react@"^16.8 || ^17.0 || ^18.0": found 19.2.4
│       ├── ✕ unmet peer react-dom@"^16.8 || ^17.0 || ^18.0": found 19.2.4
│       ├─┬ @radix-ui/react-id 1.0.1
│       │ ├── ✕ unmet peer react@"^16.8 || ^17.0 || ^18.0": found 19.2.4
│       │ └─┬ @radix-ui/react-use-layout-effect 1.0.1
│       │   └── ✕ unmet peer react@"^16.8 || ^17.0 || ^18.0": found 19.2.4
│       ├─┬ react-remove-scroll 2.5.5
│       │ ├── ✕ unmet peer react@"^16.8.0 || ^17.0.0 || ^18.0.0": found 19.2.4
│       │ └── ✕ unmet peer @types/react@"^16.8.0 || ^17.0.0 || ^18.0.0": found 19.2.10
│       ├─┬ @radix-ui/react-slot 1.0.2
│       │ ├── ✕ unmet peer react@"^16.8 || ^17.0 || ^18.0": found 19.2.4
│       │ └─┬ @radix-ui/react-compose-refs 1.0.1
│       │   └── ✕ unmet peer react@"^16.8 || ^17.0 || ^18.0": found 19.2.4
│       ├─┬ @radix-ui/react-context 1.0.1
│       │ └── ✕ unmet peer react@"^16.8 || ^17.0 || ^18.0": found 19.2.4
│       ├─┬ @radix-ui/react-primitive 1.0.3
│       │ ├── ✕ unmet peer react@"^16.8 || ^17.0 || ^18.0": found 19.2.4
│       │ └── ✕ unmet peer react-dom@"^16.8 || ^17.0 || ^18.0": found 19.2.4
│       ├─┬ @radix-ui/react-focus-guards 1.0.1
│       │ └── ✕ unmet peer react@"^16.8 || ^17.0 || ^18.0": found 19.2.4
│       ├─┬ @radix-ui/react-use-callback-ref 1.0.1
│       │ └── ✕ unmet peer react@"^16.8 || ^17.0 || ^18.0": found 19.2.4
│       ├─┬ @radix-ui/react-use-controllable-state 1.0.1
│       │ └── ✕ unmet peer react@"^16.8 || ^17.0 || ^18.0": found 19.2.4
│       ├─┬ @radix-ui/react-focus-scope 1.0.3
│       │ ├── ✕ unmet peer react@"^16.8 || ^17.0 || ^18.0": found 19.2.4
│       │ └── ✕ unmet peer react-dom@"^16.8 || ^17.0 || ^18.0": found 19.2.4
│       ├─┬ @radix-ui/react-dismissable-layer 1.0.4
│       │ ├── ✕ unmet peer react@"^16.8 || ^17.0 || ^18.0": found 19.2.4
│       │ ├── ✕ unmet peer react-dom@"^16.8 || ^17.0 || ^18.0": found 19.2.4
│       │ └─┬ @radix-ui/react-use-escape-keydown 1.0.3
│       │   └── ✕ unmet peer react@"^16.8 || ^17.0 || ^18.0": found 19.2.4
│       ├─┬ @radix-ui/react-portal 1.0.3
│       │ ├── ✕ unmet peer react@"^16.8 || ^17.0 || ^18.0": found 19.2.4
│       │ └── ✕ unmet peer react-dom@"^16.8 || ^17.0 || ^18.0": found 19.2.4
│       ├─┬ @radix-ui/react-direction 1.0.1
│       │ └── ✕ unmet peer react@"^16.8 || ^17.0 || ^18.0": found 19.2.4
│       ├─┬ @radix-ui/react-use-previous 1.0.1
│       │ └── ✕ unmet peer react@"^16.8 || ^17.0 || ^18.0": found 19.2.4
│       ├─┬ @radix-ui/react-collection 1.0.3
│       │ ├── ✕ unmet peer react@"^16.8 || ^17.0 || ^18.0": found 19.2.4
│       │ └── ✕ unmet peer react-dom@"^16.8 || ^17.0 || ^18.0": found 19.2.4
│       ├─┬ @radix-ui/react-visually-hidden 1.0.3
│       │ ├── ✕ unmet peer react@"^16.8 || ^17.0 || ^18.0": found 19.2.4
│       │ └── ✕ unmet peer react-dom@"^16.8 || ^17.0 || ^18.0": found 19.2.4
│       └─┬ @radix-ui/react-popper 1.1.2
│         ├── ✕ unmet peer react@"^16.8 || ^17.0 || ^18.0": found 19.2.4
│         ├── ✕ unmet peer react-dom@"^16.8 || ^17.0 || ^18.0": found 19.2.4
│         ├─┬ @radix-ui/react-use-size 1.0.1
│         │ └── ✕ unmet peer react@"^16.8 || ^17.0 || ^18.0": found 19.2.4
│         ├─┬ @radix-ui/react-use-rect 1.0.1
│         │ └── ✕ unmet peer react@"^16.8 || ^17.0 || ^18.0": found 19.2.4
│         └─┬ @radix-ui/react-arrow 1.0.3
│           ├── ✕ unmet peer react@"^16.8 || ^17.0 || ^18.0": found 19.2.4
│           └── ✕ unmet peer react-dom@"^16.8 || ^17.0 || ^18.0": found 19.2.4
├─┬ lucide-react 0.364.0
│ └── ✕ unmet peer react@"^16.5.1 || ^17.0.0 || ^18.0.0": found 19.2.4
├─┬ @typescript-eslint/parser 5.62.0
│ └── ✕ unmet peer eslint@"^6.0.0 || ^7.0.0 || ^8.0.0": found 9.39.3
└─┬ @vitest/ui 1.6.0
  └── ✕ unmet peer vitest@1.6.0: found 1.2.2

packages/data-prefetch
└─┬ @testing-library/react-hooks 8.0.1
  ├── ✕ unmet peer react@"^16.9.0 || ^17.0.0": found 18.3.1
  ├── ✕ unmet peer react-dom@"^16.9.0 || ^17.0.0": found 18.3.1
  ├── ✕ unmet peer @types/react@"^16.9.0 || ^17.0.0": found 18.0.38
  └── ✕ unmet peer react-test-renderer@"^16.9.0 || ^17.0.0": found 18.3.1

packages/modernjs
└─┬ @modern-js/runtime 2.70.5
  └─┬ react-helmet-async 2.0.5
    └── ✕ unmet peer react@"^16.6.0 || ^17.0.0 || ^18.0.0": found 19.2.4

packages/native-federation-tests
└─┬ tsdown 0.20.3
  └─┬ rolldown-plugin-dts 0.22.3
    └── ✕ unmet peer vue-tsc@~3.2.0: found 2.2.12

packages/treeshake-frontend
└─┬ react-day-picker 8.10.1
  └── ✕ unmet peer date-fns@"^2.28.0 || ^3.0.0": found 4.1.0

Packages: +2608
++++++++++++++++++++++++++++++++++++++++++++++++++++++++++++++++++++++++++++++++
 WARN  Tarball download average speed 17 KiB/s (size 56 KiB) is below 50 KiB/s: https://registry.npmjs.org/@jsonjoy.com/fs-node/-/fs-node-4.56.10.tgz (GET)
.../node_modules/@swc/core postinstall$ node postinstall.js
.../core-js@3.40.0/node_modules/core-js postinstall$ node -e "try{require('./postinstall')}catch(e){}"
.../esbuild@0.25.0/node_modules/esbuild postinstall$ node install.js
.../esbuild@0.17.19/node_modules/esbuild postinstall$ node install.js
.../cypress@14.3.3/node_modules/cypress postinstall$ node index.js --exec install
.../core-js@3.40.0/node_modules/core-js postinstall: Thank you for using core-js ( https://github.com/zloirock/core-js ) for polyfilling JavaScript standard library!
.../core-js@3.40.0/node_modules/core-js postinstall: The project needs your help! Please consider supporting core-js:
.../core-js@3.40.0/node_modules/core-js postinstall: > https://opencollective.com/core-js 
.../core-js@3.40.0/node_modules/core-js postinstall: > https://patreon.com/zloirock 
.../core-js@3.40.0/node_modules/core-js postinstall: > https://boosty.to/zloirock 
.../core-js@3.40.0/node_modules/core-js postinstall: > bitcoin: bc1qlea7544qtsmj2rayg0lthvza9fau63ux0fstcz 
.../core-js@3.40.0/node_modules/core-js postinstall: I highly recommend reading this: https://github.com/zloirock/core-js/blob/master/docs/2023-02-14-so-whats-next.md 
.../core-js@3.40.0/node_modules/core-js postinstall: Done
.../cypress@14.3.3/node_modules/cypress postinstall: Installing Cypress (version: 14.3.3)
.../cypress@14.3.3/node_modules/cypress postinstall: [STARTED] Task without title.
.../node_modules/@swc/core postinstall: Done
.../node_modules/@parcel/watcher install$ node scripts/build-from-source.js
.../node_modules/@parcel/watcher install: Done
.../esbuild@0.21.5/node_modules/esbuild postinstall$ node install.js
.../esbuild@0.25.0/node_modules/esbuild postinstall: Done
.../node_modules/core-js-pure postinstall$ node -e "try{require('./postinstall')}catch(e){}"
.../node_modules/core-js-pure postinstall: Done
.../core-js@3.45.1/node_modules/core-js postinstall$ node -e "try{require('./postinstall')}catch(e){}"
.../core-js@3.45.1/node_modules/core-js postinstall: Done
.../esbuild@0.17.19/node_modules/esbuild postinstall: Done
.../core-js@3.47.0/node_modules/core-js postinstall$ node -e "try{require('./postinstall')}catch(e){}"
.../core-js@3.47.0/node_modules/core-js postinstall: Done
.../esbuild@0.21.5/node_modules/esbuild postinstall: Done
.../node_modules/msw postinstall$ node -e "try{require('./config/scripts/postinstall')}catch(e){}"
.../node_modules/msw postinstall: Done
.../esbuild@0.19.12/node_modules/esbuild postinstall$ node install.js
.../esbuild@0.19.12/node_modules/esbuild postinstall: Done
.../core-js@3.36.1/node_modules/core-js postinstall$ node -e "try{require('./postinstall')}catch(e){}"
.../sharp@0.33.5/node_modules/sharp install$ node install/check
.../core-js@3.36.1/node_modules/core-js postinstall: Done
.../cypress@14.3.3/node_modules/cypress postinstall: [TITLE]  Downloading Cypress      0% 0s
.../cypress@14.3.3/node_modules/cypress postinstall: [TITLE]  Downloading Cypress      1% 40s
.../cypress@14.3.3/node_modules/cypress postinstall: [TITLE]  Downloading Cypress      1% 50s
.../cypress@14.3.3/node_modules/cypress postinstall: [TITLE]  Downloading Cypress      2% 30s
.../cypress@14.3.3/node_modules/cypress postinstall: [TITLE]  Downloading Cypress      3% 23s
.../cypress@14.3.3/node_modules/cypress postinstall: [TITLE]  Downloading Cypress      4% 19s
.../cypress@14.3.3/node_modules/cypress postinstall: [TITLE]  Downloading Cypress      4% 22s
.../cypress@14.3.3/node_modules/cypress postinstall: [TITLE]  Downloading Cypress      5% 19s
.../cypress@14.3.3/node_modules/cypress postinstall: [TITLE]  Downloading Cypress      6% 17s
.../cypress@14.3.3/node_modules/cypress postinstall: [TITLE]  Downloading Cypress      7% 16s
.../cypress@14.3.3/node_modules/cypress postinstall: [TITLE]  Downloading Cypress      8% 15s
.../cypress@14.3.3/node_modules/cypress postinstall: [TITLE]  Downloading Cypress      8% 16s
.../cypress@14.3.3/node_modules/cypress postinstall: [TITLE]  Downloading Cypress      10% 14s
.../cypress@14.3.3/node_modules/cypress postinstall: [TITLE]  Downloading Cypress      11% 13s
.../cypress@14.3.3/node_modules/cypress postinstall: [TITLE]  Downloading Cypress      12% 12s
.../cypress@14.3.3/node_modules/cypress postinstall: [TITLE]  Downloading Cypress      13% 12s
.../cypress@14.3.3/node_modules/cypress postinstall: [TITLE]  Downloading Cypress      14% 12s
.../cypress@14.3.3/node_modules/cypress postinstall: [TITLE]  Downloading Cypress      15% 11s
.../cypress@14.3.3/node_modules/cypress postinstall: [TITLE]  Downloading Cypress      15% 12s
.../cypress@14.3.3/node_modules/cypress postinstall: [TITLE]  Downloading Cypress      18% 11s
.../cypress@14.3.3/node_modules/cypress postinstall: [TITLE]  Downloading Cypress      20% 10s
.../cypress@14.3.3/node_modules/cypress postinstall: [TITLE]  Downloading Cypress      21% 10s
.../cypress@14.3.3/node_modules/cypress postinstall: [TITLE]  Downloading Cypress      22% 10s
.../cypress@14.3.3/node_modules/cypress postinstall: [TITLE]  Downloading Cypress      25% 9s
.../cypress@14.3.3/node_modules/cypress postinstall: [TITLE]  Downloading Cypress      26% 9s
.../cypress@14.3.3/node_modules/cypress postinstall: [TITLE]  Downloading Cypress      28% 8s
.../cypress@14.3.3/node_modules/cypress postinstall: [TITLE]  Downloading Cypress      30% 8s
.../cypress@14.3.3/node_modules/cypress postinstall: [TITLE]  Downloading Cypress      32% 7s
.../cypress@14.3.3/node_modules/cypress postinstall: [TITLE]  Downloading Cypress      34% 7s
.../cypress@14.3.3/node_modules/cypress postinstall: [TITLE]  Downloading Cypress      35% 7s
.../cypress@14.3.3/node_modules/cypress postinstall: [TITLE]  Downloading Cypress      37% 6s
.../cypress@14.3.3/node_modules/cypress postinstall: [TITLE]  Downloading Cypress      39% 6s
.../cypress@14.3.3/node_modules/cypress postinstall: [TITLE]  Downloading Cypress      41% 6s
.../cypress@14.3.3/node_modules/cypress postinstall: [TITLE]  Downloading Cypress      42% 6s
.../cypress@14.3.3/node_modules/cypress postinstall: [TITLE]  Downloading Cypress      44% 5s
.../cypress@14.3.3/node_modules/cypress postinstall: [TITLE]  Downloading Cypress      46% 5s
.../cypress@14.3.3/node_modules/cypress postinstall: [TITLE]  Downloading Cypress      48% 5s
.../cypress@14.3.3/node_modules/cypress postinstall: [TITLE]  Downloading Cypress      49% 5s
.../cypress@14.3.3/node_modules/cypress postinstall: [TITLE]  Downloading Cypress      52% 4s
.../cypress@14.3.3/node_modules/cypress postinstall: [TITLE]  Downloading Cypress      53% 4s
.../cypress@14.3.3/node_modules/cypress postinstall: [TITLE]  Downloading Cypress      55% 4s
.../cypress@14.3.3/node_modules/cypress postinstall: [TITLE]  Downloading Cypress      57% 4s
.../cypress@14.3.3/node_modules/cypress postinstall: [TITLE]  Downloading Cypress      59% 4s
.../cypress@14.3.3/node_modules/cypress postinstall: [TITLE]  Downloading Cypress      61% 3s
.../cypress@14.3.3/node_modules/cypress postinstall: [TITLE]  Downloading Cypress      63% 3s
.../cypress@14.3.3/node_modules/cypress postinstall: [TITLE]  Downloading Cypress      66% 3s
.../cypress@14.3.3/node_modules/cypress postinstall: [TITLE]  Downloading Cypress      68% 3s
.../cypress@14.3.3/node_modules/cypress postinstall: [TITLE]  Downloading Cypress      71% 2s
.../cypress@14.3.3/node_modules/cypress postinstall: [TITLE]  Downloading Cypress      73% 2s
.../cypress@14.3.3/node_modules/cypress postinstall: [TITLE]  Downloading Cypress      76% 2s
.../sharp@0.33.5/node_modules/sharp install: Done
.../cypress@14.3.3/node_modules/cypress postinstall: [TITLE]  Downloading Cypress      78% 2s
.../cypress@14.3.3/node_modules/cypress postinstall: [TITLE]  Downloading Cypress      80% 2s
.../cypress@14.3.3/node_modules/cypress postinstall: [TITLE]  Downloading Cypress      83% 1s
.../cypress@14.3.3/node_modules/cypress postinstall: [TITLE]  Downloading Cypress      84% 1s
.../cypress@14.3.3/node_modules/cypress postinstall: [TITLE]  Downloading Cypress      87% 1s
.../cypress@14.3.3/node_modules/cypress postinstall: [TITLE]  Downloading Cypress      89% 1s
.../cypress@14.3.3/node_modules/cypress postinstall: [TITLE]  Downloading Cypress      91% 1s
.../cypress@14.3.3/node_modules/cypress postinstall: [TITLE]  Downloading Cypress      94% 0s
.../cypress@14.3.3/node_modules/cypress postinstall: [TITLE]  Downloading Cypress      96% 0s
.../cypress@14.3.3/node_modules/cypress postinstall: [TITLE]  Downloading Cypress      97% 0s
.../cypress@14.3.3/node_modules/cypress postinstall: [TITLE]  Downloading Cypress      99% 0s
.../cypress@14.3.3/node_modules/cypress postinstall: [TITLE]  Downloaded Cypress     
.../cypress@14.3.3/node_modules/cypress postinstall: [SUCCESS]  Downloaded Cypress     
.../cypress@14.3.3/node_modules/cypress postinstall: [STARTED] Task without title.
.../cypress@14.3.3/node_modules/cypress postinstall: [TITLE]  Unzipping Cypress        0% 0s
.../cypress@14.3.3/node_modules/cypress postinstall: [TITLE]  Unzipping Cypress        1% 25s
.../cypress@14.3.3/node_modules/cypress postinstall: [TITLE]  Unzipping Cypress        1% 26s
.../cypress@14.3.3/node_modules/cypress postinstall: [TITLE]  Unzipping Cypress        1% 27s
.../cypress@14.3.3/node_modules/cypress postinstall: [TITLE]  Unzipping Cypress        1% 28s
.../cypress@14.3.3/node_modules/cypress postinstall: [TITLE]  Unzipping Cypress        1% 29s
.../cypress@14.3.3/node_modules/cypress postinstall: [TITLE]  Unzipping Cypress        1% 30s
.../cypress@14.3.3/node_modules/cypress postinstall: [TITLE]  Unzipping Cypress        1% 31s
.../cypress@14.3.3/node_modules/cypress postinstall: [TITLE]  Unzipping Cypress        1% 32s
.../cypress@14.3.3/node_modules/cypress postinstall: [TITLE]  Unzipping Cypress        1% 33s
.../cypress@14.3.3/node_modules/cypress postinstall: [TITLE]  Unzipping Cypress        1% 34s
.../cypress@14.3.3/node_modules/cypress postinstall: [TITLE]  Unzipping Cypress        1% 35s
.../cypress@14.3.3/node_modules/cypress postinstall: [TITLE]  Unzipping Cypress        1% 36s
.../cypress@14.3.3/node_modules/cypress postinstall: [TITLE]  Unzipping Cypress        1% 37s
.../cypress@14.3.3/node_modules/cypress postinstall: [TITLE]  Unzipping Cypress        1% 38s
.../cypress@14.3.3/node_modules/cypress postinstall: [TITLE]  Unzipping Cypress        1% 39s
.../cypress@14.3.3/node_modules/cypress postinstall: [TITLE]  Unzipping Cypress        1% 40s
.../cypress@14.3.3/node_modules/cypress postinstall: [TITLE]  Unzipping Cypress        1% 41s
.../cypress@14.3.3/node_modules/cypress postinstall: [TITLE]  Unzipping Cypress        1% 42s
.../cypress@14.3.3/node_modules/cypress postinstall: [TITLE]  Unzipping Cypress        1% 43s
.../cypress@14.3.3/node_modules/cypress postinstall: [TITLE]  Unzipping Cypress        1% 44s
.../cypress@14.3.3/node_modules/cypress postinstall: [TITLE]  Unzipping Cypress        1% 45s
.../cypress@14.3.3/node_modules/cypress postinstall: [TITLE]  Unzipping Cypress        1% 46s
.../cypress@14.3.3/node_modules/cypress postinstall: [TITLE]  Unzipping Cypress        1% 47s
.../cypress@14.3.3/node_modules/cypress postinstall: [TITLE]  Unzipping Cypress        1% 48s
.../cypress@14.3.3/node_modules/cypress postinstall: [TITLE]  Unzipping Cypress        1% 49s
.../cypress@14.3.3/node_modules/cypress postinstall: [TITLE]  Unzipping Cypress        1% 50s
.../cypress@14.3.3/node_modules/cypress postinstall: [TITLE]  Unzipping Cypress        1% 51s
.../cypress@14.3.3/node_modules/cypress postinstall: [TITLE]  Unzipping Cypress        1% 52s
.../cypress@14.3.3/node_modules/cypress postinstall: [TITLE]  Unzipping Cypress        1% 53s
.../cypress@14.3.3/node_modules/cypress postinstall: [TITLE]  Unzipping Cypress        1% 54s
.../cypress@14.3.3/node_modules/cypress postinstall: [TITLE]  Unzipping Cypress        1% 55s
.../cypress@14.3.3/node_modules/cypress postinstall: [TITLE]  Unzipping Cypress        1% 56s
.../cypress@14.3.3/node_modules/cypress postinstall: [TITLE]  Unzipping Cypress        1% 57s
.../cypress@14.3.3/node_modules/cypress postinstall: [TITLE]  Unzipping Cypress        1% 58s
.../cypress@14.3.3/node_modules/cypress postinstall: [TITLE]  Unzipping Cypress        1% 59s
.../cypress@14.3.3/node_modules/cypress postinstall: [TITLE]  Unzipping Cypress        2% 29s
.../cypress@14.3.3/node_modules/cypress postinstall: [TITLE]  Unzipping Cypress        2% 30s
.../cypress@14.3.3/node_modules/cypress postinstall: [TITLE]  Unzipping Cypress        2% 31s
.../cypress@14.3.3/node_modules/cypress postinstall: [TITLE]  Unzipping Cypress        2% 32s
.../cypress@14.3.3/node_modules/cypress postinstall: [TITLE]  Unzipping Cypress        2% 33s
.../cypress@14.3.3/node_modules/cypress postinstall: [TITLE]  Unzipping Cypress        2% 34s
.../cypress@14.3.3/node_modules/cypress postinstall: [TITLE]  Unzipping Cypress        2% 35s
.../cypress@14.3.3/node_modules/cypress postinstall: [TITLE]  Unzipping Cypress        2% 36s
.../cypress@14.3.3/node_modules/cypress postinstall: [TITLE]  Unzipping Cypress        2% 37s
.../cypress@14.3.3/node_modules/cypress postinstall: [TITLE]  Unzipping Cypress        2% 38s
.../cypress@14.3.3/node_modules/cypress postinstall: [TITLE]  Unzipping Cypress        2% 39s
.../cypress@14.3.3/node_modules/cypress postinstall: [TITLE]  Unzipping Cypress        2% 40s
.../cypress@14.3.3/node_modules/cypress postinstall: [TITLE]  Unzipping Cypress        2% 41s
.../cypress@14.3.3/node_modules/cypress postinstall: [TITLE]  Unzipping Cypress        2% 42s
.../cypress@14.3.3/node_modules/cypress postinstall: [TITLE]  Unzipping Cypress        2% 43s
.../cypress@14.3.3/node_modules/cypress postinstall: [TITLE]  Unzipping Cypress        2% 44s
.../cypress@14.3.3/node_modules/cypress postinstall: [TITLE]  Unzipping Cypress        2% 45s
.../cypress@14.3.3/node_modules/cypress postinstall: [TITLE]  Unzipping Cypress        2% 46s
.../cypress@14.3.3/node_modules/cypress postinstall: [TITLE]  Unzipping Cypress        2% 47s
.../cypress@14.3.3/node_modules/cypress postinstall: [TITLE]  Unzipping Cypress        2% 48s
.../cypress@14.3.3/node_modules/cypress postinstall: [TITLE]  Unzipping Cypress        3% 32s
.../cypress@14.3.3/node_modules/cypress postinstall: [TITLE]  Unzipping Cypress        3% 33s
.../cypress@14.3.3/node_modules/cypress postinstall: [TITLE]  Unzipping Cypress        3% 34s
.../cypress@14.3.3/node_modules/cypress postinstall: [TITLE]  Unzipping Cypress        3% 35s
.../cypress@14.3.3/node_modules/cypress postinstall: [TITLE]  Unzipping Cypress        3% 36s
.../cypress@14.3.3/node_modules/cypress postinstall: [TITLE]  Unzipping Cypress        3% 37s
.../cypress@14.3.3/node_modules/cypress postinstall: [TITLE]  Unzipping Cypress        3% 38s
.../cypress@14.3.3/node_modules/cypress postinstall: [TITLE]  Unzipping Cypress        3% 39s
.../cypress@14.3.3/node_modules/cypress postinstall: [TITLE]  Unzipping Cypress        3% 40s
.../cypress@14.3.3/node_modules/cypress postinstall: [TITLE]  Unzipping Cypress        4% 30s
.../cypress@14.3.3/node_modules/cypress postinstall: [TITLE]  Unzipping Cypress        4% 31s
.../cypress@14.3.3/node_modules/cypress postinstall: [TITLE]  Unzipping Cypress        4% 32s
.../cypress@14.3.3/node_modules/cypress postinstall: [TITLE]  Unzipping Cypress        4% 33s
.../cypress@14.3.3/node_modules/cypress postinstall: [TITLE]  Unzipping Cypress        4% 34s
.../cypress@14.3.3/node_modules/cypress postinstall: [TITLE]  Unzipping Cypress        4% 35s
.../cypress@14.3.3/node_modules/cypress postinstall: [TITLE]  Unzipping Cypress        4% 36s
.../cypress@14.3.3/node_modules/cypress postinstall: [TITLE]  Unzipping Cypress        5% 28s
.../cypress@14.3.3/node_modules/cypress postinstall: [TITLE]  Unzipping Cypress        5% 29s
.../cypress@14.3.3/node_modules/cypress postinstall: [TITLE]  Unzipping Cypress        5% 30s
.../cypress@14.3.3/node_modules/cypress postinstall: [TITLE]  Unzipping Cypress        5% 31s
.../cypress@14.3.3/node_modules/cypress postinstall: [TITLE]  Unzipping Cypress        5% 32s
.../cypress@14.3.3/node_modules/cypress postinstall: [TITLE]  Unzipping Cypress        5% 33s
.../cypress@14.3.3/node_modules/cypress postinstall: [TITLE]  Unzipping Cypress        5% 34s
.../cypress@14.3.3/node_modules/cypress postinstall: [TITLE]  Unzipping Cypress        6% 28s
.../cypress@14.3.3/node_modules/cypress postinstall: [TITLE]  Unzipping Cypress        6% 29s
.../cypress@14.3.3/node_modules/cypress postinstall: [TITLE]  Unzipping Cypress        6% 30s
.../cypress@14.3.3/node_modules/cypress postinstall: [TITLE]  Unzipping Cypress        6% 31s
.../cypress@14.3.3/node_modules/cypress postinstall: [TITLE]  Unzipping Cypress        6% 32s
.../cypress@14.3.3/node_modules/cypress postinstall: [TITLE]  Unzipping Cypress        6% 33s
.../cypress@14.3.3/node_modules/cypress postinstall: [TITLE]  Unzipping Cypress        7% 28s
.../cypress@14.3.3/node_modules/cypress postinstall: [TITLE]  Unzipping Cypress        7% 29s
.../cypress@14.3.3/node_modules/cypress postinstall: [TITLE]  Unzipping Cypress        7% 30s
.../cypress@14.3.3/node_modules/cypress postinstall: [TITLE]  Unzipping Cypress        7% 31s
.../cypress@14.3.3/node_modules/cypress postinstall: [TITLE]  Unzipping Cypress        7% 32s
.../cypress@14.3.3/node_modules/cypress postinstall: [TITLE]  Unzipping Cypress        7% 33s
.../cypress@14.3.3/node_modules/cypress postinstall: [TITLE]  Unzipping Cypress        8% 28s
.../cypress@14.3.3/node_modules/cypress postinstall: [TITLE]  Unzipping Cypress        8% 29s
.../cypress@14.3.3/node_modules/cypress postinstall: [TITLE]  Unzipping Cypress        8% 30s
.../cypress@14.3.3/node_modules/cypress postinstall: [TITLE]  Unzipping Cypress        8% 31s
.../cypress@14.3.3/node_modules/cypress postinstall: [TITLE]  Unzipping Cypress        8% 32s
.../cypress@14.3.3/node_modules/cypress postinstall: [TITLE]  Unzipping Cypress        9% 28s
.../cypress@14.3.3/node_modules/cypress postinstall: [TITLE]  Unzipping Cypress        9% 29s
.../cypress@14.3.3/node_modules/cypress postinstall: [TITLE]  Unzipping Cypress        9% 30s
.../cypress@14.3.3/node_modules/cypress postinstall: [TITLE]  Unzipping Cypress        9% 31s
.../cypress@14.3.3/node_modules/cypress postinstall: [TITLE]  Unzipping Cypress        10% 27s
.../cypress@14.3.3/node_modules/cypress postinstall: [TITLE]  Unzipping Cypress        10% 28s
.../cypress@14.3.3/node_modules/cypress postinstall: [TITLE]  Unzipping Cypress        10% 29s
.../cypress@14.3.3/node_modules/cypress postinstall: [TITLE]  Unzipping Cypress        10% 30s
.../cypress@14.3.3/node_modules/cypress postinstall: [TITLE]  Unzipping Cypress        10% 31s
.../cypress@14.3.3/node_modules/cypress postinstall: [TITLE]  Unzipping Cypress        11% 28s
.../cypress@14.3.3/node_modules/cypress postinstall: [TITLE]  Unzipping Cypress        11% 29s
.../cypress@14.3.3/node_modules/cypress postinstall: [TITLE]  Unzipping Cypress        11% 30s
.../cypress@14.3.3/node_modules/cypress postinstall: [TITLE]  Unzipping Cypress        12% 27s
.../cypress@14.3.3/node_modules/cypress postinstall: [TITLE]  Unzipping Cypress        12% 28s
.../cypress@14.3.3/node_modules/cypress postinstall: [TITLE]  Unzipping Cypress        12% 29s
.../cypress@14.3.3/node_modules/cypress postinstall: [TITLE]  Unzipping Cypress        13% 27s
.../cypress@14.3.3/node_modules/cypress postinstall: [TITLE]  Unzipping Cypress        13% 28s
.../cypress@14.3.3/node_modules/cypress postinstall: [TITLE]  Unzipping Cypress        13% 29s
.../cypress@14.3.3/node_modules/cypress postinstall: [TITLE]  Unzipping Cypress        14% 27s
.../cypress@14.3.3/node_modules/cypress postinstall: [TITLE]  Unzipping Cypress        14% 28s
.../cypress@14.3.3/node_modules/cypress postinstall: [TITLE]  Unzipping Cypress        15% 26s
.../cypress@14.3.3/node_modules/cypress postinstall: [TITLE]  Unzipping Cypress        15% 27s
.../cypress@14.3.3/node_modules/cypress postinstall: [TITLE]  Unzipping Cypress        16% 25s
.../cypress@14.3.3/node_modules/cypress postinstall: [TITLE]  Unzipping Cypress        16% 26s
.../cypress@14.3.3/node_modules/cypress postinstall: [TITLE]  Unzipping Cypress        16% 27s
.../cypress@14.3.3/node_modules/cypress postinstall: [TITLE]  Unzipping Cypress        17% 25s
.../cypress@14.3.3/node_modules/cypress postinstall: [TITLE]  Unzipping Cypress        17% 26s
.../cypress@14.3.3/node_modules/cypress postinstall: [TITLE]  Unzipping Cypress        18% 25s
.../cypress@14.3.3/node_modules/cypress postinstall: [TITLE]  Unzipping Cypress        18% 26s
.../cypress@14.3.3/node_modules/cypress postinstall: [TITLE]  Unzipping Cypress        19% 24s
.../cypress@14.3.3/node_modules/cypress postinstall: [TITLE]  Unzipping Cypress        19% 25s
.../cypress@14.3.3/node_modules/cypress postinstall: [TITLE]  Unzipping Cypress        20% 24s
.../cypress@14.3.3/node_modules/cypress postinstall: [TITLE]  Unzipping Cypress        20% 25s
.../cypress@14.3.3/node_modules/cypress postinstall: [TITLE]  Unzipping Cypress        21% 23s
.../cypress@14.3.3/node_modules/cypress postinstall: [TITLE]  Unzipping Cypress        21% 24s
.../cypress@14.3.3/node_modules/cypress postinstall: [TITLE]  Unzipping Cypress        22% 23s
.../cypress@14.3.3/node_modules/cypress postinstall: [TITLE]  Unzipping Cypress        22% 24s
.../cypress@14.3.3/node_modules/cypress postinstall: [TITLE]  Unzipping Cypress        23% 23s
.../cypress@14.3.3/node_modules/cypress postinstall: [TITLE]  Unzipping Cypress        23% 24s
.../cypress@14.3.3/node_modules/cypress postinstall: [TITLE]  Unzipping Cypress        24% 22s
.../cypress@14.3.3/node_modules/cypress postinstall: [TITLE]  Unzipping Cypress        24% 23s
.../cypress@14.3.3/node_modules/cypress postinstall: [TITLE]  Unzipping Cypress        25% 22s
.../cypress@14.3.3/node_modules/cypress postinstall: [TITLE]  Unzipping Cypress        25% 23s
.../cypress@14.3.3/node_modules/cypress postinstall: [TITLE]  Unzipping Cypress        26% 21s
.../cypress@14.3.3/node_modules/cypress postinstall: [TITLE]  Unzipping Cypress        26% 22s
.../cypress@14.3.3/node_modules/cypress postinstall: [TITLE]  Unzipping Cypress        27% 21s
.../cypress@14.3.3/node_modules/cypress postinstall: [TITLE]  Unzipping Cypress        27% 22s
.../cypress@14.3.3/node_modules/cypress postinstall: [TITLE]  Unzipping Cypress        28% 20s
.../cypress@14.3.3/node_modules/cypress postinstall: [TITLE]  Unzipping Cypress        28% 21s
.../cypress@14.3.3/node_modules/cypress postinstall: [TITLE]  Unzipping Cypress        29% 20s
.../cypress@14.3.3/node_modules/cypress postinstall: [TITLE]  Unzipping Cypress        29% 21s
.../cypress@14.3.3/node_modules/cypress postinstall: [TITLE]  Unzipping Cypress        30% 20s
.../cypress@14.3.3/node_modules/cypress postinstall: [TITLE]  Unzipping Cypress        31% 19s
.../cypress@14.3.3/node_modules/cypress postinstall: [TITLE]  Unzipping Cypress        31% 20s
.../cypress@14.3.3/node_modules/cypress postinstall: [TITLE]  Unzipping Cypress        32% 19s
.../cypress@14.3.3/node_modules/cypress postinstall: [TITLE]  Unzipping Cypress        33% 18s
.../cypress@14.3.3/node_modules/cypress postinstall: [TITLE]  Unzipping Cypress        33% 19s
.../cypress@14.3.3/node_modules/cypress postinstall: [TITLE]  Unzipping Cypress        34% 18s
.../cypress@14.3.3/node_modules/cypress postinstall: [TITLE]  Unzipping Cypress        35% 18s
.../cypress@14.3.3/node_modules/cypress postinstall: [TITLE]  Unzipping Cypress        36% 17s
.../cypress@14.3.3/node_modules/cypress postinstall: [TITLE]  Unzipping Cypress        36% 18s
.../cypress@14.3.3/node_modules/cypress postinstall: [TITLE]  Unzipping Cypress        37% 17s
.../cypress@14.3.3/node_modules/cypress postinstall: [TITLE]  Unzipping Cypress        37% 18s
.../cypress@14.3.3/node_modules/cypress postinstall: [TITLE]  Unzipping Cypress        38% 17s
.../cypress@14.3.3/node_modules/cypress postinstall: [TITLE]  Unzipping Cypress        39% 17s
.../cypress@14.3.3/node_modules/cypress postinstall: [TITLE]  Unzipping Cypress        40% 16s
.../cypress@14.3.3/node_modules/cypress postinstall: [TITLE]  Unzipping Cypress        40% 17s
.../cypress@14.3.3/node_modules/cypress postinstall: [TITLE]  Unzipping Cypress        41% 16s
.../cypress@14.3.3/node_modules/cypress postinstall: [TITLE]  Unzipping Cypress        41% 17s
.../cypress@14.3.3/node_modules/cypress postinstall: [TITLE]  Unzipping Cypress        42% 16s
.../cypress@14.3.3/node_modules/cypress postinstall: [TITLE]  Unzipping Cypress        43% 16s
.../cypress@14.3.3/node_modules/cypress postinstall: [TITLE]  Unzipping Cypress        44% 15s
.../cypress@14.3.3/node_modules/cypress postinstall: [TITLE]  Unzipping Cypress        44% 16s
.../cypress@14.3.3/node_modules/cypress postinstall: [TITLE]  Unzipping Cypress        45% 15s
.../cypress@14.3.3/node_modules/cypress postinstall: [TITLE]  Unzipping Cypress        46% 15s
.../cypress@14.3.3/node_modules/cypress postinstall: [TITLE]  Unzipping Cypress        47% 14s
.../cypress@14.3.3/node_modules/cypress postinstall: [TITLE]  Unzipping Cypress        47% 15s
.../cypress@14.3.3/node_modules/cypress postinstall: [TITLE]  Unzipping Cypress        48% 14s
.../cypress@14.3.3/node_modules/cypress postinstall: [TITLE]  Unzipping Cypress        49% 14s
.../cypress@14.3.3/node_modules/cypress postinstall: [TITLE]  Unzipping Cypress        50% 14s
.../cypress@14.3.3/node_modules/cypress postinstall: [TITLE]  Unzipping Cypress        51% 13s
.../cypress@14.3.3/node_modules/cypress postinstall: [TITLE]  Unzipping Cypress        51% 14s
.../cypress@14.3.3/node_modules/cypress postinstall: [TITLE]  Unzipping Cypress        52% 13s
.../cypress@14.3.3/node_modules/cypress postinstall: [TITLE]  Unzipping Cypress        53% 13s
.../cypress@14.3.3/node_modules/cypress postinstall: [TITLE]  Unzipping Cypress        54% 13s
.../cypress@14.3.3/node_modules/cypress postinstall: [TITLE]  Unzipping Cypress        55% 13s
.../cypress@14.3.3/node_modules/cypress postinstall: [TITLE]  Unzipping Cypress        56% 12s
.../cypress@14.3.3/node_modules/cypress postinstall: [TITLE]  Unzipping Cypress        56% 13s
.../cypress@14.3.3/node_modules/cypress postinstall: [TITLE]  Unzipping Cypress        57% 12s
.../cypress@14.3.3/node_modules/cypress postinstall: [TITLE]  Unzipping Cypress        58% 12s
.../cypress@14.3.3/node_modules/cypress postinstall: [TITLE]  Unzipping Cypress        59% 11s
.../cypress@14.3.3/node_modules/cypress postinstall: [TITLE]  Unzipping Cypress        59% 12s
.../cypress@14.3.3/node_modules/cypress postinstall: [TITLE]  Unzipping Cypress        60% 11s
.../cypress@14.3.3/node_modules/cypress postinstall: [TITLE]  Unzipping Cypress        61% 11s
.../cypress@14.3.3/node_modules/cypress postinstall: [TITLE]  Unzipping Cypress        62% 11s
.../cypress@14.3.3/node_modules/cypress postinstall: [TITLE]  Unzipping Cypress        63% 10s
.../cypress@14.3.3/node_modules/cypress postinstall: [TITLE]  Unzipping Cypress        64% 10s
.../cypress@14.3.3/node_modules/cypress postinstall: [TITLE]  Unzipping Cypress        65% 10s
.../cypress@14.3.3/node_modules/cypress postinstall: [TITLE]  Unzipping Cypress        66% 9s
.../cypress@14.3.3/node_modules/cypress postinstall: [TITLE]  Unzipping Cypress        66% 10s
.../cypress@14.3.3/node_modules/cypress postinstall: [TITLE]  Unzipping Cypress        67% 9s
.../cypress@14.3.3/node_modules/cypress postinstall: [TITLE]  Unzipping Cypress        68% 9s
.../cypress@14.3.3/node_modules/cypress postinstall: [TITLE]  Unzipping Cypress        69% 9s
.../cypress@14.3.3/node_modules/cypress postinstall: [TITLE]  Unzipping Cypress        70% 8s
.../cypress@14.3.3/node_modules/cypress postinstall: [TITLE]  Unzipping Cypress        71% 8s
.../cypress@14.3.3/node_modules/cypress postinstall: [TITLE]  Unzipping Cypress        72% 8s
.../cypress@14.3.3/node_modules/cypress postinstall: [TITLE]  Unzipping Cypress        73% 7s
.../cypress@14.3.3/node_modules/cypress postinstall: [TITLE]  Unzipping Cypress        74% 7s
.../cypress@14.3.3/node_modules/cypress postinstall: [TITLE]  Unzipping Cypress        75% 7s
.../cypress@14.3.3/node_modules/cypress postinstall: [TITLE]  Unzipping Cypress        76% 7s
.../cypress@14.3.3/node_modules/cypress postinstall: [TITLE]  Unzipping Cypress        77% 6s
.../cypress@14.3.3/node_modules/cypress postinstall: [TITLE]  Unzipping Cypress        78% 6s
.../cypress@14.3.3/node_modules/cypress postinstall: [TITLE]  Unzipping Cypress        79% 6s
.../cypress@14.3.3/node_modules/cypress postinstall: [TITLE]  Unzipping Cypress        80% 6s
.../cypress@14.3.3/node_modules/cypress postinstall: [TITLE]  Unzipping Cypress        81% 5s
.../cypress@14.3.3/node_modules/cypress postinstall: [TITLE]  Unzipping Cypress        82% 5s
.../cypress@14.3.3/node_modules/cypress postinstall: [TITLE]  Unzipping Cypress        83% 5s
.../cypress@14.3.3/node_modules/cypress postinstall: [TITLE]  Unzipping Cypress        100% 0s
.../cypress@14.3.3/node_modules/cypress postinstall: [TITLE]  Unzipped Cypress       
.../cypress@14.3.3/node_modules/cypress postinstall: [SUCCESS]  Unzipped Cypress       
.../cypress@14.3.3/node_modules/cypress postinstall: [STARTED] Task without title.
.../cypress@14.3.3/node_modules/cypress postinstall: [TITLE]  Finished Installation   /Users/bytedance/Library/Caches/Cypress/14.3.3
.../cypress@14.3.3/node_modules/cypress postinstall: [SUCCESS]  Finished Installation   /Users/bytedance/Library/Caches/Cypress/14.3.3
.../cypress@14.3.3/node_modules/cypress postinstall: You can now open Cypress by running one of the following, depending on your package manager:
.../cypress@14.3.3/node_modules/cypress postinstall: - npx cypress open
.../cypress@14.3.3/node_modules/cypress postinstall: - yarn cypress open
.../cypress@14.3.3/node_modules/cypress postinstall: - pnpm cypress open
.../cypress@14.3.3/node_modules/cypress postinstall: https://on.cypress.io/opening-the-app
.../cypress@14.3.3/node_modules/cypress postinstall: Done
.../node_modules/nx postinstall$ node ./bin/post-install
.../node_modules/nx postinstall:  NX   Failed to parse pnpm lockfile
.../node_modules/nx postinstall: Please open an issue at `https://github.com/nrwl/nx/issues/new?template=1-bug.yml` and provide a reproduction.
.../node_modules/nx postinstall: Original error: Could not find ".modules.yaml" at "/Users/bytedance/github/core/node_modules/.modules.yaml"
.../node_modules/nx postinstall: Error: Could not find ".modules.yaml" at "/Users/bytedance/github/core/node_modules/.modules.yaml"
.../node_modules/nx postinstall:     at loadPnpmHoistedDepsDefinition (/Users/bytedance/github/core/node_modules/.pnpm/nx@21.2.3_@swc-node+register@1.10.10_@swc+core@1.7.26_@swc+helpers@0.5.13__@swc+types@0_38babedb1da36745a4bdc85ef39dd8e8/node_modules/nx/src/plugins/js/lock-file/utils/pnpm-normalizer.js:40:15)
.../node_modules/nx postinstall:     at getNodes (/Users/bytedance/github/core/node_modules/.pnpm/nx@21.2.3_@swc-node+register@1.10.10_@swc+core@1.7.26_@swc+helpers@0.5.13__@swc+types@0_38babedb1da36745a4bdc85ef39dd8e8/node_modules/nx/src/plugins/js/lock-file/pnpm-parser.js:214:77)
.../node_modules/nx postinstall:     at getPnpmLockfileNodes (/Users/bytedance/github/core/node_modules/.pnpm/nx@21.2.3_@swc-node+register@1.10.10_@swc+core@1.7.26_@swc+helpers@0.5.13__@swc+types@0_38babedb1da36745a4bdc85ef39dd8e8/node_modules/nx/src/plugins/js/lock-file/pnpm-parser.js:33:12)
.../node_modules/nx postinstall:     at getLockFileNodes (/Users/bytedance/github/core/node_modules/.pnpm/nx@21.2.3_@swc-node+register@1.10.10_@swc+core@1.7.26_@swc+helpers@0.5.13__@swc+types@0_38babedb1da36745a4bdc85ef39dd8e8/node_modules/nx/src/plugins/js/lock-file/lock-file.js:53:59)
.../node_modules/nx postinstall:     at exports.createNodes (/Users/bytedance/github/core/node_modules/.pnpm/nx@21.2.3_@swc-node+register@1.10.10_@swc+core@1.7.26_@swc+helpers@0.5.13__@swc+types@0_38babedb1da36745a4bdc85ef39dd8e8/node_modules/nx/src/plugins/js/index.js:54:64)
.../node_modules/nx postinstall:     at /Users/bytedance/github/core/node_modules/.pnpm/nx@21.2.3_@swc-node+register@1.10.10_@swc+core@1.7.26_@swc+helpers@0.5.13__@swc+types@0_38babedb1da36745a4bdc85ef39dd8e8/node_modules/nx/src/project-graph/plugins/utils.js:10:33
.../node_modules/nx postinstall:     at Array.map (<anonymous>)
.../node_modules/nx postinstall:     at createNodesFromFiles (/Users/bytedance/github/core/node_modules/.pnpm/nx@21.2.3_@swc-node+register@1.10.10_@swc+core@1.7.26_@swc+helpers@0.5.13__@swc+types@0_38babedb1da36745a4bdc85ef39dd8e8/node_modules/nx/src/project-graph/plugins/utils.js:8:35)
.../node_modules/nx postinstall:     at exports.createNodesV2 (/Users/bytedance/github/core/node_modules/.pnpm/nx@21.2.3_@swc-node+register@1.10.10_@swc+core@1.7.26_@swc+helpers@0.5.13__@swc+types@0_38babedb1da36745a4bdc85ef39dd8e8/node_modules/nx/src/plugins/js/index.js:23:51)
.../node_modules/nx postinstall:     at LoadedNxPlugin.createNodes (/Users/bytedance/github/core/node_modules/.pnpm/nx@21.2.3_@swc-node+register@1.10.10_@swc+core@1.7.26_@swc+helpers@0.5.13__@swc+types@0_38babedb1da36745a4bdc85ef39dd8e8/node_modules/nx/src/project-graph/plugins/loaded-nx-plugin.js:22:65)
.../node_modules/nx postinstall: Done
packages/assemble-release-plan postinstall$ preconstruct dev
packages/assemble-release-plan postinstall: 🎁 info project is valid!
packages/assemble-release-plan postinstall: 🎁 success created links!
packages/assemble-release-plan postinstall: Done
. prepare$ husky install
. prepare: husky - Git hooks installed
. prepare: Done
Done in 1m 50.3s using pnpm v10.28.0